[ 2016-05-25T09:29:48+08:00 ] ::1 /AM/index.php/Home/UserManage/log
INFO: [ app_init ] --START--
INFO: Run Behavior\BuildLiteBehavior [ RunTime:0.000095s ]
INFO: [ app_init ] --END-- [ RunTime:0.089222s ]
INFO: [ app_begin ] --START--
INFO: Run Behavior\ReadHtmlCacheBehavior [ RunTime:0.062002s ]
INFO: [ app_begin ] --END-- [ RunTime:0.062841s ]
INFO: [ view_parse ] --START--
INFO: [ template_filter ] --START--
INFO: Run Behavior\ContentReplaceBehavior [ RunTime:0.095034s ]
INFO: [ template_filter ] --END-- [ RunTime:0.096290s ]
INFO: Run Behavior\ParseTemplateBehavior [ RunTime:0.429338s ]
INFO: [ view_parse ] --END-- [ RunTime:0.429550s ]
INFO: [ view_filter ] --START--
INFO: Run Behavior\WriteHtmlCacheBehavior [ RunTime:0.012449s ]
INFO: [ view_filter ] --END-- [ RunTime:0.012720s ]
INFO: [ app_end ] --START--
INFO: Run Behavior\ShowPageTraceBehavior [ RunTime:0.001053s ]
INFO: [ app_end ] --END-- [ RunTime:0.001246s ]

[ 2016-05-25T09:31:20+08:00 ] ::1 /AM/index.php/Home/UserManage/login
INFO: [ app_init ] --START--
INFO: Run Behavior\BuildLiteBehavior [ RunTime:0.000034s ]
INFO: [ app_init ] --END-- [ RunTime:0.000583s ]
INFO: [ app_begin ] --START--
INFO: Run Behavior\ReadHtmlCacheBehavior [ RunTime:0.000585s ]
INFO: [ app_begin ] --END-- [ RunTime:0.000748s ]
SQL: SHOW COLUMNS FROM `ams_manager` [ RunTime:0.1391s ]
SQL: SELECT * FROM `ams_manager` WHERE `passwd` = '11' LIMIT 1   [ RunTime:0.0406s ]
NOTIC: [8] Undefined index: account J:\wamp_server\wamp\www\AM\Home\Controller\UserManageController.class.php 第 26 行.

[ 2016-05-25T09:33:09+08:00 ] ::1 /AM/index.php/Home/UserManage/log
INFO: [ app_init ] --START--
INFO: Run Behavior\BuildLiteBehavior [ RunTime:0.000048s ]
INFO: [ app_init ] --END-- [ RunTime:0.000758s ]
INFO: [ app_begin ] --START--
INFO: Run Behavior\ReadHtmlCacheBehavior [ RunTime:0.000596s ]
INFO: [ app_begin ] --END-- [ RunTime:0.000749s ]
INFO: [ view_parse ] --START--
INFO: [ template_filter ] --START--
INFO: Run Behavior\ContentReplaceBehavior [ RunTime:0.000573s ]
INFO: [ template_filter ] --END-- [ RunTime:0.002716s ]
INFO: Run Behavior\ParseTemplateBehavior [ RunTime:0.918338s ]
INFO: [ view_parse ] --END-- [ RunTime:0.918618s ]
INFO: [ view_filter ] --START--
INFO: Run Behavior\WriteHtmlCacheBehavior [ RunTime:0.000684s ]
INFO: [ view_filter ] --END-- [ RunTime:0.001484s ]
INFO: [ app_end ] --START--
INFO: Run Behavior\ShowPageTraceBehavior [ RunTime:0.001023s ]
INFO: [ app_end ] --END-- [ RunTime:0.001457s ]

[ 2016-05-25T09:33:21+08:00 ] ::1 /AM/index.php/Home/UserManage/log
INFO: [ app_init ] --START--
INFO: Run Behavior\BuildLiteBehavior [ RunTime:0.000050s ]
INFO: [ app_init ] --END-- [ RunTime:0.000624s ]
INFO: [ app_begin ] --START--
INFO: Run Behavior\ReadHtmlCacheBehavior [ RunTime:0.000628s ]
INFO: [ app_begin ] --END-- [ RunTime:0.000785s ]
INFO: [ view_parse ] --START--
INFO: [ template_filter ] --START--
INFO: Run Behavior\ContentReplaceBehavior [ RunTime:0.000082s ]
INFO: [ template_filter ] --END-- [ RunTime:0.000245s ]
INFO: Run Behavior\ParseTemplateBehavior [ RunTime:0.013060s ]
INFO: [ view_parse ] --END-- [ RunTime:0.013233s ]
INFO: [ view_filter ] --START--
INFO: Run Behavior\WriteHtmlCacheBehavior [ RunTime:0.000369s ]
INFO: [ view_filter ] --END-- [ RunTime:0.000506s ]
INFO: [ app_end ] --START--
INFO: Run Behavior\ShowPageTraceBehavior [ RunTime:0.000641s ]
INFO: [ app_end ] --END-- [ RunTime:0.000792s ]

[ 2016-05-25T09:42:42+08:00 ] ::1 /AM/index.php/Home/UserManage/log
INFO: [ app_init ] --START--
INFO: Run Behavior\BuildLiteBehavior [ RunTime:0.000033s ]
INFO: [ app_init ] --END-- [ RunTime:0.000492s ]
INFO: [ app_begin ] --START--
INFO: Run Behavior\ReadHtmlCacheBehavior [ RunTime:0.000569s ]
INFO: [ app_begin ] --END-- [ RunTime:0.000717s ]
INFO: [ view_parse ] --START--
INFO: [ template_filter ] --START--
INFO: Run Behavior\ContentReplaceBehavior [ RunTime:0.000087s ]
INFO: [ template_filter ] --END-- [ RunTime:0.000261s ]
INFO: Run Behavior\ParseTemplateBehavior [ RunTime:0.009260s ]
INFO: [ view_parse ] --END-- [ RunTime:0.009428s ]
INFO: [ view_filter ] --START--
INFO: Run Behavior\WriteHtmlCacheBehavior [ RunTime:0.000410s ]
INFO: [ view_filter ] --END-- [ RunTime:0.000548s ]
INFO: [ app_end ] --START--
INFO: Run Behavior\ShowPageTraceBehavior [ RunTime:0.000552s ]
INFO: [ app_end ] --END-- [ RunTime:0.000709s ]

[ 2016-05-25T09:42:47+08:00 ] ::1 /AM/index.php/Home/UserManage/login
INFO: [ app_init ] --START--
INFO: Run Behavior\BuildLiteBehavior [ RunTime:0.000032s ]
INFO: [ app_init ] --END-- [ RunTime:0.000489s ]
INFO: [ app_begin ] --START--
INFO: Run Behavior\ReadHtmlCacheBehavior [ RunTime:0.000681s ]
INFO: [ app_begin ] --END-- [ RunTime:0.000884s ]
SQL: SHOW COLUMNS FROM `ams_manager` [ RunTime:0.2010s ]
SQL: SELECT * FROM `ams_manager` WHERE `passwd` = '11' LIMIT 1   [ RunTime:0.0006s ]
NOTIC: [8] Undefined index: account J:\wamp_server\wamp\www\AM\Home\Controller\UserManageController.class.php 第 26 行.

[ 2016-05-25T15:12:50+08:00 ] ::1 /AM/index.php/Home/UserManage/log
INFO: [ app_init ] --START--
INFO: Run Behavior\BuildLiteBehavior [ RunTime:0.000278s ]
INFO: [ app_init ] --END-- [ RunTime:0.062557s ]
INFO: [ app_begin ] --START--
INFO: Run Behavior\ReadHtmlCacheBehavior [ RunTime:0.008124s ]
INFO: [ app_begin ] --END-- [ RunTime:0.008750s ]
INFO: [ view_parse ] --START--
INFO: [ template_filter ] --START--
INFO: Run Behavior\ContentReplaceBehavior [ RunTime:0.008385s ]
INFO: [ template_filter ] --END-- [ RunTime:0.009198s ]
NOTIC: [8] Undefined index: type J:\wamp_server\wamp\www\AM\Runtime\Cache\Home\6e9a1f23f68743b02da787446d00cf76.php 第 14 行.
INFO: Run Behavior\ParseTemplateBehavior [ RunTime:0.279095s ]
INFO: [ view_parse ] --END-- [ RunTime:0.279486s ]
INFO: [ view_filter ] --START--
INFO: Run Behavior\WriteHtmlCacheBehavior [ RunTime:0.053625s ]
INFO: [ view_filter ] --END-- [ RunTime:0.054470s ]
INFO: [ app_end ] --START--
INFO: Run Behavior\ShowPageTraceBehavior [ RunTime:0.028068s ]
INFO: [ app_end ] --END-- [ RunTime:0.028862s ]

[ 2016-05-25T15:13:38+08:00 ] ::1 /AM/index.php/Home/UserManage/login
INFO: [ app_init ] --START--
INFO: Run Behavior\BuildLiteBehavior [ RunTime:0.000067s ]
INFO: [ app_init ] --END-- [ RunTime:0.001127s ]
INFO: [ app_begin ] --START--
INFO: Run Behavior\ReadHtmlCacheBehavior [ RunTime:0.000834s ]
INFO: [ app_begin ] --END-- [ RunTime:0.001075s ]
SQL: SHOW COLUMNS FROM `ams_manager` [ RunTime:0.1134s ]
SQL: SELECT * FROM `ams_manager` WHERE `passwd` = '11' LIMIT 1   [ RunTime:0.0102s ]
NOTIC: [8] Undefined index: account J:\wamp_server\wamp\www\AM\Home\Controller\UserManageController.class.php 第 26 行.

[ 2016-05-25T15:14:01+08:00 ] ::1 /AM/index.php/Home/checkInOutInfo/countWorkingTime
INFO: [ app_init ] --START--
INFO: Run Behavior\BuildLiteBehavior [ RunTime:0.000033s ]
INFO: [ app_init ] --END-- [ RunTime:0.000550s ]
INFO: [ app_begin ] --START--
INFO: Run Behavior\ReadHtmlCacheBehavior [ RunTime:0.000552s ]
INFO: [ app_begin ] --END-- [ RunTime:0.000707s ]
ERR: 无法加载控制器:CheckInOutInfo

[ 2016-05-25T15:17:22+08:00 ] ::1 /AM/index.php/Home/CheckInOut/countWorkingTime
INFO: [ app_init ] --START--
INFO: Run Behavior\BuildLiteBehavior [ RunTime:0.000105s ]
INFO: [ app_init ] --END-- [ RunTime:0.001743s ]
INFO: [ app_begin ] --START--
INFO: Run Behavior\ReadHtmlCacheBehavior [ RunTime:0.002187s ]
INFO: [ app_begin ] --END-- [ RunTime:0.002835s ]
ERR: 无法加载控制器:CheckInOut

[ 2016-05-25T15:18:06+08:00 ] ::1 /AM/index.php/Home/CheckInOut/countWorkingTime
INFO: [ app_init ] --START--
INFO: Run Behavior\BuildLiteBehavior [ RunTime:0.000032s ]
INFO: [ app_init ] --END-- [ RunTime:0.000537s ]
INFO: [ app_begin ] --START--
INFO: Run Behavior\ReadHtmlCacheBehavior [ RunTime:0.000574s ]
INFO: [ app_begin ] --END-- [ RunTime:0.000723s ]
SQL: SELECT MAX(time) FROM AMS_countingTime WHERE mid = 11 [ RunTime:0.0005s ]
SQL: SELECT Temps.id, Temps.stime, Temps.etime, Tempc.bias FROM ((SELECT id, stime, etime FROM AMS_schedule WHERE EXISTS (SELECT * FROM AMS_manage WHERE AMS_manage.mid ='11'  AND AMS_schedule.aid = AMS_manage.aid)) AS Temps INNER JOIN (SELECT sid, bias FROM AMS_checkInOutInfo WHERE EXISTS (SELECT * FROM AMS_manage WHERE AMS_manage.mid ='11' AND AMS_checkInOutInfo.aid = AMS_manage.aid)) AS Tempc ON Temps.id = Tempc.sid) [ RunTime:0.0433s ]
NOTIC: [8] Array to string conversion J:\wamp_server\wamp\www\AM\Home\Controller\CheckInOutController.class.php 第 54 行.
INFO: [ app_end ] --START--
INFO: Run Behavior\ShowPageTraceBehavior [ RunTime:0.000833s ]
INFO: [ app_end ] --END-- [ RunTime:0.000985s ]

[ 2016-05-25T15:18:26+08:00 ] ::1 /AM/index.php/Home/CheckInOut/countWorkingTime
INFO: [ app_init ] --START--
INFO: Run Behavior\BuildLiteBehavior [ RunTime:0.000035s ]
INFO: [ app_init ] --END-- [ RunTime:0.000523s ]
INFO: [ app_begin ] --START--
INFO: Run Behavior\ReadHtmlCacheBehavior [ RunTime:0.000500s ]
INFO: [ app_begin ] --END-- [ RunTime:0.000693s ]
SQL: SELECT MAX(time) FROM AMS_countingTime WHERE mid = 11 [ RunTime:0.0003s ]
SQL: SELECT Temps.id, Temps.stime, Temps.etime, Tempc.bias FROM ((SELECT id, stime, etime FROM AMS_schedule WHERE EXISTS (SELECT * FROM AMS_manage WHERE AMS_manage.mid ='11'  AND AMS_schedule.aid = AMS_manage.aid)) AS Temps INNER JOIN (SELECT sid, bias FROM AMS_checkInOutInfo WHERE EXISTS (SELECT * FROM AMS_manage WHERE AMS_manage.mid ='11' AND AMS_checkInOutInfo.aid = AMS_manage.aid)) AS Tempc ON Temps.id = Tempc.sid) [ RunTime:0.0008s ]
INFO: [ app_end ] --START--
INFO: Run Behavior\ShowPageTraceBehavior [ RunTime:0.000814s ]
INFO: [ app_end ] --END-- [ RunTime:0.001039s ]

[ 2016-05-25T15:19:36+08:00 ] ::1 /AM/index.php/Home/CheckInOut/countWorkingTime
INFO: [ app_init ] --START--
INFO: Run Behavior\BuildLiteBehavior [ RunTime:0.000039s ]
INFO: [ app_init ] --END-- [ RunTime:0.000625s ]
INFO: [ app_begin ] --START--
INFO: Run Behavior\ReadHtmlCacheBehavior [ RunTime:0.000591s ]
INFO: [ app_begin ] --END-- [ RunTime:0.000761s ]
SQL: SELECT MAX(time) FROM AMS_countingTime WHERE mid = 11 [ RunTime:0.0004s ]
SQL: SELECT Temps.id, Temps.stime, Temps.etime, Tempc.bias FROM ((SELECT id, stime, etime FROM AMS_schedule WHERE EXISTS (SELECT * FROM AMS_manage WHERE AMS_manage.mid ='11'  AND AMS_schedule.aid = AMS_manage.aid)) AS Temps INNER JOIN (SELECT sid, bias FROM AMS_checkInOutInfo WHERE EXISTS (SELECT * FROM AMS_manage WHERE AMS_manage.mid ='11' AND AMS_checkInOutInfo.aid = AMS_manage.aid)) AS Tempc ON Temps.id = Tempc.sid) [ RunTime:0.0007s ]
INFO: [ app_end ] --START--
INFO: Run Behavior\ShowPageTraceBehavior [ RunTime:0.000615s ]
INFO: [ app_end ] --END-- [ RunTime:0.000780s ]

[ 2016-05-25T15:19:48+08:00 ] ::1 /AM/index.php/Home/CheckInOut/countWorkingTime
INFO: [ app_init ] --START--
INFO: Run Behavior\BuildLiteBehavior [ RunTime:0.000032s ]
INFO: [ app_init ] --END-- [ RunTime:0.000474s ]
INFO: [ app_begin ] --START--
INFO: Run Behavior\ReadHtmlCacheBehavior [ RunTime:0.000660s ]
INFO: [ app_begin ] --END-- [ RunTime:0.000901s ]
SQL: SELECT MAX(time) FROM AMS_countingTime WHERE mid = 11 [ RunTime:0.0004s ]
SQL: SELECT Temps.id, Temps.stime, Temps.etime, Tempc.bias FROM ((SELECT id, stime, etime FROM AMS_schedule WHERE EXISTS (SELECT * FROM AMS_manage WHERE AMS_manage.mid ='11'  AND AMS_schedule.aid = AMS_manage.aid)) AS Temps INNER JOIN (SELECT sid, bias FROM AMS_checkInOutInfo WHERE EXISTS (SELECT * FROM AMS_manage WHERE AMS_manage.mid ='11' AND AMS_checkInOutInfo.aid = AMS_manage.aid)) AS Tempc ON Temps.id = Tempc.sid) [ RunTime:0.0008s ]
INFO: [ app_end ] --START--
INFO: Run Behavior\ShowPageTraceBehavior [ RunTime:0.000657s ]
INFO: [ app_end ] --END-- [ RunTime:0.000830s ]

[ 2016-05-25T15:20:05+08:00 ] ::1 /AM/index.php/Home/CheckInOut/countWorkingTime
INFO: [ app_init ] --START--
INFO: Run Behavior\BuildLiteBehavior [ RunTime:0.000032s ]
INFO: [ app_init ] --END-- [ RunTime:0.000472s ]
INFO: [ app_begin ] --START--
INFO: Run Behavior\ReadHtmlCacheBehavior [ RunTime:0.000512s ]
INFO: [ app_begin ] --END-- [ RunTime:0.000659s ]
SQL: SELECT MAX(time) FROM AMS_countingTime WHERE mid = 11 [ RunTime:0.0003s ]
SQL: SELECT Temps.id, Temps.stime, Temps.etime, Tempc.bias FROM ((SELECT id, stime, etime FROM AMS_schedule WHERE EXISTS (SELECT * FROM AMS_manage WHERE AMS_manage.mid ='11'  AND AMS_schedule.aid = AMS_manage.aid)) AS Temps INNER JOIN (SELECT sid, bias FROM AMS_checkInOutInfo WHERE EXISTS (SELECT * FROM AMS_manage WHERE AMS_manage.mid ='11' AND AMS_checkInOutInfo.aid = AMS_manage.aid)) AS Tempc ON Temps.id = Tempc.sid) [ RunTime:0.0006s ]
NOTIC: [8] Array to string conversion J:\wamp_server\wamp\www\AM\Home\Controller\CheckInOutController.class.php 第 56 行.
INFO: [ app_end ] --START--
INFO: Run Behavior\ShowPageTraceBehavior [ RunTime:0.000606s ]
INFO: [ app_end ] --END-- [ RunTime:0.000760s ]

[ 2016-05-25T15:21:08+08:00 ] ::1 /AM/index.php/Home/CheckInOut/countWorkingTime
INFO: [ app_init ] --START--
INFO: Run Behavior\BuildLiteBehavior [ RunTime:0.000034s ]
INFO: [ app_init ] --END-- [ RunTime:0.000562s ]
INFO: [ app_begin ] --START--
INFO: Run Behavior\ReadHtmlCacheBehavior [ RunTime:0.000600s ]
INFO: [ app_begin ] --END-- [ RunTime:0.000761s ]
SQL: SELECT MAX(time) FROM AMS_countingTime WHERE mid = 11 [ RunTime:0.0004s ]
SQL: SELECT Temps.id, Temps.stime, Temps.etime, Tempc.bias FROM ((SELECT id, stime, etime FROM AMS_schedule WHERE EXISTS (SELECT * FROM AMS_manage WHERE AMS_manage.mid ='11'  AND AMS_schedule.aid = AMS_manage.aid)) AS Temps INNER JOIN (SELECT sid, bias FROM AMS_checkInOutInfo WHERE EXISTS (SELECT * FROM AMS_manage WHERE AMS_manage.mid ='11' AND AMS_checkInOutInfo.aid = AMS_manage.aid)) AS Tempc ON Temps.id = Tempc.sid) [ RunTime:0.0007s ]
NOTIC: [8] Array to string conversion J:\wamp_server\wamp\www\AM\Home\Controller\CheckInOutController.class.php 第 56 行.
NOTIC: [8] Array to string conversion J:\wamp_server\wamp\www\AM\Home\Controller\CheckInOutController.class.php 第 56 行.
INFO: [ app_end ] --START--
INFO: Run Behavior\ShowPageTraceBehavior [ RunTime:0.000716s ]
INFO: [ app_end ] --END-- [ RunTime:0.000953s ]

[ 2016-05-25T15:22:15+08:00 ] ::1 /AM/index.php/Home/CheckInOut/countWorkingTime
INFO: [ app_init ] --START--
INFO: Run Behavior\BuildLiteBehavior [ RunTime:0.000036s ]
INFO: [ app_init ] --END-- [ RunTime:0.000509s ]
INFO: [ app_begin ] --START--
INFO: Run Behavior\ReadHtmlCacheBehavior [ RunTime:0.000539s ]
INFO: [ app_begin ] --END-- [ RunTime:0.000724s ]
SQL: SELECT MAX(time) FROM AMS_countingTime WHERE mid = 11 [ RunTime:0.0003s ]
SQL: SELECT Temps.id, Temps.stime, Temps.etime, Tempc.bias FROM ((SELECT id, stime, etime FROM AMS_schedule WHERE EXISTS (SELECT * FROM AMS_manage WHERE AMS_manage.mid ='11'  AND AMS_schedule.aid = AMS_manage.aid)) AS Temps INNER JOIN (SELECT sid, bias FROM AMS_checkInOutInfo WHERE EXISTS (SELECT * FROM AMS_manage WHERE AMS_manage.mid ='11' AND AMS_checkInOutInfo.aid = AMS_manage.aid)) AS Tempc ON Temps.id = Tempc.sid) [ RunTime:0.0006s ]
INFO: [ app_end ] --START--
INFO: Run Behavior\ShowPageTraceBehavior [ RunTime:0.000656s ]
INFO: [ app_end ] --END-- [ RunTime:0.000815s ]

[ 2016-05-25T15:22:28+08:00 ] ::1 /AM/index.php/Home/CheckInOut/countWorkingTime
INFO: [ app_init ] --START--
INFO: Run Behavior\BuildLiteBehavior [ RunTime:0.000055s ]
INFO: [ app_init ] --END-- [ RunTime:0.001023s ]
INFO: [ app_begin ] --START--
INFO: Run Behavior\ReadHtmlCacheBehavior [ RunTime:0.000508s ]
INFO: [ app_begin ] --END-- [ RunTime:0.000694s ]
SQL: SELECT MAX(time) FROM AMS_countingTime WHERE mid = 11 [ RunTime:0.0004s ]
SQL: SELECT Temps.id, Temps.stime, Temps.etime, Tempc.bias FROM ((SELECT id, stime, etime FROM AMS_schedule WHERE EXISTS (SELECT * FROM AMS_manage WHERE AMS_manage.mid ='11'  AND AMS_schedule.aid = AMS_manage.aid)) AS Temps INNER JOIN (SELECT sid, bias FROM AMS_checkInOutInfo WHERE EXISTS (SELECT * FROM AMS_manage WHERE AMS_manage.mid ='11' AND AMS_checkInOutInfo.aid = AMS_manage.aid)) AS Tempc ON Temps.id = Tempc.sid) [ RunTime:0.0007s ]
INFO: [ app_end ] --START--
INFO: Run Behavior\ShowPageTraceBehavior [ RunTime:0.000614s ]
INFO: [ app_end ] --END-- [ RunTime:0.000761s ]

[ 2016-05-25T15:22:52+08:00 ] ::1 /AM/index.php/Home/CheckInOut/countWorkingTime
INFO: [ app_init ] --START--
INFO: Run Behavior\BuildLiteBehavior [ RunTime:0.000036s ]
INFO: [ app_init ] --END-- [ RunTime:0.000521s ]
INFO: [ app_begin ] --START--
INFO: Run Behavior\ReadHtmlCacheBehavior [ RunTime:0.000627s ]
INFO: [ app_begin ] --END-- [ RunTime:0.000860s ]
SQL: SELECT MAX(time) FROM AMS_countingTime WHERE mid = 11 [ RunTime:0.0003s ]
SQL: SELECT Temps.id, Temps.stime, Temps.etime, Tempc.bias FROM ((SELECT id, stime, etime FROM AMS_schedule WHERE EXISTS (SELECT * FROM AMS_manage WHERE AMS_manage.mid ='11'  AND AMS_schedule.aid = AMS_manage.aid)) AS Temps INNER JOIN (SELECT sid, bias FROM AMS_checkInOutInfo WHERE EXISTS (SELECT * FROM AMS_manage WHERE AMS_manage.mid ='11' AND AMS_checkInOutInfo.aid = AMS_manage.aid)) AS Tempc ON Temps.id = Tempc.sid) [ RunTime:0.0009s ]
INFO: [ app_end ] --START--
INFO: Run Behavior\ShowPageTraceBehavior [ RunTime:0.000702s ]
INFO: [ app_end ] --END-- [ RunTime:0.000915s ]

[ 2016-05-25T15:24:12+08:00 ] ::1 /AM/index.php/Home/CheckInOut/countWorkingTime
INFO: [ app_init ] --START--
INFO: Run Behavior\BuildLiteBehavior [ RunTime:0.000033s ]
INFO: [ app_init ] --END-- [ RunTime:0.000568s ]
INFO: [ app_begin ] --START--
INFO: Run Behavior\ReadHtmlCacheBehavior [ RunTime:0.000615s ]
INFO: [ app_begin ] --END-- [ RunTime:0.000763s ]
SQL: SELECT MAX(time) FROM AMS_countingTime WHERE mid = 11 [ RunTime:0.0004s ]
SQL: SELECT Temps.id, Temps.stime, Temps.etime, Tempc.bias FROM ((SELECT id, stime, etime FROM AMS_schedule WHERE EXISTS (SELECT * FROM AMS_manage WHERE AMS_manage.mid ='11'  AND AMS_schedule.aid = AMS_manage.aid)) AS Temps INNER JOIN (SELECT sid, bias FROM AMS_checkInOutInfo WHERE EXISTS (SELECT * FROM AMS_manage WHERE AMS_manage.mid ='11' AND AMS_checkInOutInfo.aid = AMS_manage.aid)) AS Tempc ON Temps.id = Tempc.sid) [ RunTime:0.0007s ]
INFO: [ app_end ] --START--
INFO: Run Behavior\ShowPageTraceBehavior [ RunTime:0.000708s ]
INFO: [ app_end ] --END-- [ RunTime:0.000868s ]

[ 2016-05-25T20:14:53+08:00 ] ::1 /AM/index.php/Home/UserManage/log
INFO: [ app_init ] --START--
INFO: Run Behavior\BuildLiteBehavior [ RunTime:0.000040s ]
INFO: [ app_init ] --END-- [ RunTime:0.000639s ]
INFO: [ app_begin ] --START--
INFO: Run Behavior\ReadHtmlCacheBehavior [ RunTime:0.000785s ]
INFO: [ app_begin ] --END-- [ RunTime:0.000985s ]
INFO: [ view_parse ] --START--
INFO: [ template_filter ] --START--
INFO: Run Behavior\ContentReplaceBehavior [ RunTime:0.000094s ]
INFO: [ template_filter ] --END-- [ RunTime:0.000259s ]
NOTIC: [8] Undefined index: type J:\wamp_server\wamp\www\AM\Runtime\Cache\Home\6e9a1f23f68743b02da787446d00cf76.php 第 14 行.
INFO: Run Behavior\ParseTemplateBehavior [ RunTime:0.008957s ]
INFO: [ view_parse ] --END-- [ RunTime:0.009151s ]
INFO: [ view_filter ] --START--
INFO: Run Behavior\WriteHtmlCacheBehavior [ RunTime:0.000759s ]
INFO: [ view_filter ] --END-- [ RunTime:0.000939s ]
INFO: [ app_end ] --START--
INFO: Run Behavior\ShowPageTraceBehavior [ RunTime:0.000802s ]
INFO: [ app_end ] --END-- [ RunTime:0.000959s ]

[ 2016-05-25T20:15:03+08:00 ] ::1 /AM/index.php/Home/UserManage/login
INFO: [ app_init ] --START--
INFO: Run Behavior\BuildLiteBehavior [ RunTime:0.000034s ]
INFO: [ app_init ] --END-- [ RunTime:0.000542s ]
INFO: [ app_begin ] --START--
INFO: Run Behavior\ReadHtmlCacheBehavior [ RunTime:0.000901s ]
INFO: [ app_begin ] --END-- [ RunTime:0.001057s ]
SQL: SHOW COLUMNS FROM `ams_manager` [ RunTime:0.1583s ]
SQL: SELECT * FROM `ams_manager` WHERE `passwd` = '11' LIMIT 1   [ RunTime:0.0553s ]
NOTIC: [8] Undefined index: account J:\wamp_server\wamp\www\AM\Home\Controller\UserManageController.class.php 第 26 行.

[ 2016-05-25T20:15:11+08:00 ] ::1 /AM/index.php/Home/CheckInOut/countWorkingTime
INFO: [ app_init ] --START--
INFO: Run Behavior\BuildLiteBehavior [ RunTime:0.000032s ]
INFO: [ app_init ] --END-- [ RunTime:0.000531s ]
INFO: [ app_begin ] --START--
INFO: Run Behavior\ReadHtmlCacheBehavior [ RunTime:0.000942s ]
INFO: [ app_begin ] --END-- [ RunTime:0.001145s ]
SQL: SELECT MAX(time) FROM AMS_countingTime WHERE mid = 11 [ RunTime:0.0894s ]
NOTIC: [8] Array to string conversion J:\wamp_server\wamp\www\AM\Home\Controller\CheckInOutController.class.php 第 66 行.
SQL: SELECT Temps.id AS sid, Tempa.id AS aid, Tempa.name, Tempa.email, Tempa.phone, Temps.stime, Temps.etime, Tempc.bias 
        FROM ((SELECT aid, id, stime, etime
            FROM AMS_schedule 
            WHERE EXISTS 
                (SELECT * 
                FROM AMS_manage 
                WHERE AMS_manage.mid = '11'  AND AMS_schedule.aid = AMS_manage.aid)) AS Temps 
        INNER JOIN (SELECT sid, bias 
            FROM AMS_checkInOutInfo 
            WHERE date > 'Array' AND EXISTS 
                (SELECT * 
                FROM AMS_manage 
                WHERE AMS_manage.mid = '11' AND AMS_checkInOutInfo.aid = AMS_manage.aid)) AS Tempc ON Temps.id = Tempc.sid
        INNER JOIN AMS_assistant AS Tempa ON Temps.aid = Tempa.id
        ) [ RunTime:0.0024s ]
INFO: [ app_end ] --START--
INFO: Run Behavior\ShowPageTraceBehavior [ RunTime:0.003440s ]
INFO: [ app_end ] --END-- [ RunTime:0.004034s ]

[ 2016-05-25T20:16:16+08:00 ] ::1 /AM/index.php/Home/CheckInOut/countWorkingTime
INFO: [ app_init ] --START--
INFO: Run Behavior\BuildLiteBehavior [ RunTime:0.000044s ]
INFO: [ app_init ] --END-- [ RunTime:0.000665s ]
INFO: [ app_begin ] --START--
INFO: Run Behavior\ReadHtmlCacheBehavior [ RunTime:0.000958s ]
INFO: [ app_begin ] --END-- [ RunTime:0.001139s ]
SQL: SELECT MAX(time) FROM AMS_countingTime WHERE mid = 11 [ RunTime:0.0004s ]
NOTIC: [8] Array to string conversion J:\wamp_server\wamp\www\AM\Home\Controller\CheckInOutController.class.php 第 67 行.
SQL: SELECT Temps.id AS sid, Tempa.id AS aid, Tempa.name, Tempa.email, Tempa.phone, Temps.stime, Temps.etime, Tempc.bias 
        FROM ((SELECT aid, id, stime, etime
            FROM AMS_schedule 
            WHERE EXISTS 
                (SELECT * 
                FROM AMS_manage 
                WHERE AMS_manage.mid = '11'  AND AMS_schedule.aid = AMS_manage.aid)) AS Temps 
        INNER JOIN (SELECT sid, bias 
            FROM AMS_checkInOutInfo 
            WHERE date > 'Array' AND EXISTS 
                (SELECT * 
                FROM AMS_manage 
                WHERE AMS_manage.mid = '11' AND AMS_checkInOutInfo.aid = AMS_manage.aid)) AS Tempc ON Temps.id = Tempc.sid
        INNER JOIN AMS_assistant AS Tempa ON Temps.aid = Tempa.id
        ) [ RunTime:0.0007s ]
INFO: [ app_end ] --START--
INFO: Run Behavior\ShowPageTraceBehavior [ RunTime:0.000929s ]
INFO: [ app_end ] --END-- [ RunTime:0.001099s ]

[ 2016-05-25T20:16:44+08:00 ] ::1 /AM/index.php/Home/CheckInOut/countWorkingTime
INFO: [ app_init ] --START--
INFO: Run Behavior\BuildLiteBehavior [ RunTime:0.000044s ]
INFO: [ app_init ] --END-- [ RunTime:0.000654s ]
INFO: [ app_begin ] --START--
INFO: Run Behavior\ReadHtmlCacheBehavior [ RunTime:0.000771s ]
INFO: [ app_begin ] --END-- [ RunTime:0.000955s ]
SQL: SELECT MAX(time) FROM AMS_countingTime WHERE mid = 11 [ RunTime:0.0004s ]
NOTIC: [8] Array to string conversion J:\wamp_server\wamp\www\AM\Home\Controller\CheckInOutController.class.php 第 53 行.
SQL: SELECT Temps.id AS sid, Tempa.id AS aid, Tempa.name, Tempa.email, Tempa.phone, Temps.stime, Temps.etime, Tempc.bias FROM ((SELECT aid, id, stime, etime FROM AMS_schedule WHERE EXISTS (SELECT * FROM AMS_manage WHERE AMS_manage.mid = '11'  AND AMS_schedule.aid = AMS_manage.aid)) AS Temps INNER JOIN (SELECT sid, bias FROM AMS_checkInOutInfo WHERE date > 'Array' AND EXISTS (SELECT * FROM AMS_manage WHERE AMS_manage.mid = '11' AND AMS_checkInOutInfo.aid = AMS_manage.aid)) AS Tempc ON Temps.id = Tempc.sid INNER JOIN AMS_assistant AS Tempa ON Temps.aid = Tempa.id) [ RunTime:0.0007s ]
INFO: [ app_end ] --START--
INFO: Run Behavior\ShowPageTraceBehavior [ RunTime:0.000954s ]
INFO: [ app_end ] --END-- [ RunTime:0.001138s ]

[ 2016-05-25T20:16:45+08:00 ] ::1 /AM/index.php/Home/CheckInOut/countWorkingTime
INFO: [ app_init ] --START--
INFO: Run Behavior\BuildLiteBehavior [ RunTime:0.000049s ]
INFO: [ app_init ] --END-- [ RunTime:0.000782s ]
INFO: [ app_begin ] --START--
INFO: Run Behavior\ReadHtmlCacheBehavior [ RunTime:0.000843s ]
INFO: [ app_begin ] --END-- [ RunTime:0.001041s ]
SQL: SELECT MAX(time) FROM AMS_countingTime WHERE mid = 11 [ RunTime:0.0004s ]
NOTIC: [8] Array to string conversion J:\wamp_server\wamp\www\AM\Home\Controller\CheckInOutController.class.php 第 53 行.
SQL: SELECT Temps.id AS sid, Tempa.id AS aid, Tempa.name, Tempa.email, Tempa.phone, Temps.stime, Temps.etime, Tempc.bias FROM ((SELECT aid, id, stime, etime FROM AMS_schedule WHERE EXISTS (SELECT * FROM AMS_manage WHERE AMS_manage.mid = '11'  AND AMS_schedule.aid = AMS_manage.aid)) AS Temps INNER JOIN (SELECT sid, bias FROM AMS_checkInOutInfo WHERE date > 'Array' AND EXISTS (SELECT * FROM AMS_manage WHERE AMS_manage.mid = '11' AND AMS_checkInOutInfo.aid = AMS_manage.aid)) AS Tempc ON Temps.id = Tempc.sid INNER JOIN AMS_assistant AS Tempa ON Temps.aid = Tempa.id) [ RunTime:0.0007s ]
INFO: [ app_end ] --START--
INFO: Run Behavior\ShowPageTraceBehavior [ RunTime:0.001116s ]
INFO: [ app_end ] --END-- [ RunTime:0.001333s ]

[ 2016-05-25T20:17:32+08:00 ] ::1 /AM/index.php/Home/CheckInOut/countWorkingTime
INFO: [ app_init ] --START--
INFO: Run Behavior\BuildLiteBehavior [ RunTime:0.000041s ]
INFO: [ app_init ] --END-- [ RunTime:0.000557s ]
INFO: [ app_begin ] --START--
INFO: Run Behavior\ReadHtmlCacheBehavior [ RunTime:0.000788s ]
INFO: [ app_begin ] --END-- [ RunTime:0.000967s ]
SQL: SELECT MAX(time) FROM AMS_countingTime WHERE mid = 11 [ RunTime:0.0004s ]
NOTIC: [8] Array to string conversion J:\wamp_server\wamp\www\AM\Home\Controller\CheckInOutController.class.php 第 67 行.
SQL: SELECT Temps.id AS sid, Tempa.id AS aid, Tempa.name, Tempa.email, Tempa.phone, Temps.stime, Temps.etime, Tempc.bias 
        FROM ((SELECT aid, id, stime, etime
            FROM AMS_schedule 
            WHERE EXISTS 
                (SELECT * 
                FROM AMS_manage 
                WHERE AMS_manage.mid = '11'  AND AMS_schedule.aid = AMS_manage.aid)) AS Temps 
        INNER JOIN (SELECT sid, bias 
            FROM AMS_checkInOutInfo 
            WHERE date > 'Array' AND EXISTS 
                (SELECT * 
                FROM AMS_manage 
                WHERE AMS_manage.mid = '11' AND AMS_checkInOutInfo.aid = AMS_manage.aid)) AS Tempc ON Temps.id = Tempc.sid
        INNER JOIN AMS_assistant AS Tempa ON Temps.aid = Tempa.id
        ) [ RunTime:0.0007s ]
INFO: [ app_end ] --START--
INFO: Run Behavior\ShowPageTraceBehavior [ RunTime:0.000942s ]
INFO: [ app_end ] --END-- [ RunTime:0.001114s ]

[ 2016-05-25T20:18:26+08:00 ] ::1 /AM/index.php/Home/CheckInOut/countWorkingTime
INFO: [ app_init ] --START--
INFO: Run Behavior\BuildLiteBehavior [ RunTime:0.000076s ]
INFO: [ app_init ] --END-- [ RunTime:0.000966s ]
INFO: [ app_begin ] --START--
INFO: Run Behavior\ReadHtmlCacheBehavior [ RunTime:0.000809s ]
INFO: [ app_begin ] --END-- [ RunTime:0.001009s ]
SQL: SELECT MAX(time) AS time FROM AMS_countingTime WHERE mid = 11 [ RunTime:0.0004s ]
NOTIC: [8] Array to string conversion J:\wamp_server\wamp\www\AM\Home\Controller\CheckInOutController.class.php 第 67 行.
SQL: SELECT Temps.id AS sid, Tempa.id AS aid, Tempa.name, Tempa.email, Tempa.phone, Temps.stime, Temps.etime, Tempc.bias 
        FROM ((SELECT aid, id, stime, etime
            FROM AMS_schedule 
            WHERE EXISTS 
                (SELECT * 
                FROM AMS_manage 
                WHERE AMS_manage.mid = '11'  AND AMS_schedule.aid = AMS_manage.aid)) AS Temps 
        INNER JOIN (SELECT sid, bias 
            FROM AMS_checkInOutInfo 
            WHERE date > 'Array' AND EXISTS 
                (SELECT * 
                FROM AMS_manage 
                WHERE AMS_manage.mid = '11' AND AMS_checkInOutInfo.aid = AMS_manage.aid)) AS Tempc ON Temps.id = Tempc.sid
        INNER JOIN AMS_assistant AS Tempa ON Temps.aid = Tempa.id
        ) [ RunTime:0.0008s ]
INFO: [ app_end ] --START--
INFO: Run Behavior\ShowPageTraceBehavior [ RunTime:0.000905s ]
INFO: [ app_end ] --END-- [ RunTime:0.001075s ]

[ 2016-05-25T20:18:59+08:00 ] ::1 /AM/index.php/Home/CheckInOut/countWorkingTime
INFO: [ app_init ] --START--
INFO: Run Behavior\BuildLiteBehavior [ RunTime:0.000091s ]
INFO: [ app_init ] --END-- [ RunTime:0.001041s ]
INFO: [ app_begin ] --START--
INFO: Run Behavior\ReadHtmlCacheBehavior [ RunTime:0.000871s ]
INFO: [ app_begin ] --END-- [ RunTime:0.001163s ]
SQL: SELECT MAX(time) AS time FROM AMS_countingTime WHERE mid = 11 [ RunTime:0.0004s ]
SQL: SELECT Temps.id AS sid, Tempa.id AS aid, Tempa.name, Tempa.email, Tempa.phone, Temps.stime, Temps.etime, Tempc.bias 
        FROM ((SELECT aid, id, stime, etime
            FROM AMS_schedule 
            WHERE EXISTS 
                (SELECT * 
                FROM AMS_manage 
                WHERE AMS_manage.mid = '11'  AND AMS_schedule.aid = AMS_manage.aid)) AS Temps 
        INNER JOIN (SELECT sid, bias 
            FROM AMS_checkInOutInfo 
            WHERE date > '20130312' AND EXISTS 
                (SELECT * 
                FROM AMS_manage 
                WHERE AMS_manage.mid = '11' AND AMS_checkInOutInfo.aid = AMS_manage.aid)) AS Tempc ON Temps.id = Tempc.sid
        INNER JOIN AMS_assistant AS Tempa ON Temps.aid = Tempa.id
        ) [ RunTime:0.0008s ]
INFO: [ app_end ] --START--
INFO: Run Behavior\ShowPageTraceBehavior [ RunTime:0.000870s ]
INFO: [ app_end ] --END-- [ RunTime:0.001042s ]

