[ 2016-05-06T08:52:11+08:00 ] ::1 /AM/index.php/Home/UserManage/log
INFO: [ app_init ] --START--
INFO: Run Behavior\BuildLiteBehavior [ RunTime:0.000033s ]
INFO: [ app_init ] --END-- [ RunTime:0.000523s ]
INFO: [ app_begin ] --START--
INFO: Run Behavior\ReadHtmlCacheBehavior [ RunTime:0.000584s ]
INFO: [ app_begin ] --END-- [ RunTime:0.000743s ]
INFO: [ view_parse ] --START--
INFO: [ template_filter ] --START--
INFO: Run Behavior\ContentReplaceBehavior [ RunTime:0.000089s ]
INFO: [ template_filter ] --END-- [ RunTime:0.000273s ]
INFO: Run Behavior\ParseTemplateBehavior [ RunTime:0.008215s ]
INFO: [ view_parse ] --END-- [ RunTime:0.008397s ]
INFO: [ view_filter ] --START--
INFO: Run Behavior\WriteHtmlCacheBehavior [ RunTime:0.000390s ]
INFO: [ view_filter ] --END-- [ RunTime:0.000542s ]
INFO: [ app_end ] --START--
INFO: Run Behavior\ShowPageTraceBehavior [ RunTime:0.000629s ]
INFO: [ app_end ] --END-- [ RunTime:0.000784s ]

[ 2016-05-06T08:52:17+08:00 ] ::1 /AM/index.php/Home/UserManage/login
INFO: [ app_init ] --START--
INFO: Run Behavior\BuildLiteBehavior [ RunTime:0.000036s ]
INFO: [ app_init ] --END-- [ RunTime:0.000526s ]
INFO: [ app_begin ] --START--
INFO: Run Behavior\ReadHtmlCacheBehavior [ RunTime:0.000514s ]
INFO: [ app_begin ] --END-- [ RunTime:0.000683s ]
SQL: SHOW COLUMNS FROM `think_user` [ RunTime:0.0088s ]
SQL: SELECT * FROM `think_user` WHERE `id` = '13331336' AND `passwd` = '13331336'  [ RunTime:0.0004s ]
NOTIC: [8] Undefined index: id J:\wamp_server\wamp\www\AM\Home\Controller\UserManageController.class.php 第 16 行.
NOTIC: [8] Undefined index: account J:\wamp_server\wamp\www\AM\Home\Controller\UserManageController.class.php 第 19 行.

[ 2016-05-06T08:52:33+08:00 ] ::1 /AM/index.php/Home/UserManage/log
INFO: [ app_init ] --START--
INFO: Run Behavior\BuildLiteBehavior [ RunTime:0.000037s ]
INFO: [ app_init ] --END-- [ RunTime:0.000531s ]
INFO: [ app_begin ] --START--
INFO: Run Behavior\ReadHtmlCacheBehavior [ RunTime:0.000530s ]
INFO: [ app_begin ] --END-- [ RunTime:0.000707s ]
INFO: [ view_parse ] --START--
INFO: [ template_filter ] --START--
INFO: Run Behavior\ContentReplaceBehavior [ RunTime:0.000086s ]
INFO: [ template_filter ] --END-- [ RunTime:0.000277s ]
INFO: Run Behavior\ParseTemplateBehavior [ RunTime:0.007705s ]
INFO: [ view_parse ] --END-- [ RunTime:0.008063s ]
INFO: [ view_filter ] --START--
INFO: Run Behavior\WriteHtmlCacheBehavior [ RunTime:0.000361s ]
INFO: [ view_filter ] --END-- [ RunTime:0.000525s ]
INFO: [ app_end ] --START--
INFO: Run Behavior\ShowPageTraceBehavior [ RunTime:0.000703s ]
INFO: [ app_end ] --END-- [ RunTime:0.000950s ]

[ 2016-05-06T08:52:38+08:00 ] ::1 /AM/index.php/Home/UserManage/login
INFO: [ app_init ] --START--
INFO: Run Behavior\BuildLiteBehavior [ RunTime:0.000048s ]
INFO: [ app_init ] --END-- [ RunTime:0.000492s ]
INFO: [ app_begin ] --START--
INFO: Run Behavior\ReadHtmlCacheBehavior [ RunTime:0.000456s ]
INFO: [ app_begin ] --END-- [ RunTime:0.000642s ]
SQL: SHOW COLUMNS FROM `think_user` [ RunTime:0.0090s ]
SQL: SELECT * FROM `think_user` WHERE `id` = '13331336' AND `passwd` = '13331336'  [ RunTime:0.0004s ]
NOTIC: [8] Undefined index: id J:\wamp_server\wamp\www\AM\Home\Controller\UserManageController.class.php 第 15 行.
NOTIC: [8] Undefined index: account J:\wamp_server\wamp\www\AM\Home\Controller\UserManageController.class.php 第 18 行.

[ 2016-05-06T08:53:25+08:00 ] ::1 /AM/index.php/Home/UserManage/log
INFO: [ app_init ] --START--
INFO: Run Behavior\BuildLiteBehavior [ RunTime:0.000036s ]
INFO: [ app_init ] --END-- [ RunTime:0.000506s ]
INFO: [ app_begin ] --START--
INFO: Run Behavior\ReadHtmlCacheBehavior [ RunTime:0.000971s ]
INFO: [ app_begin ] --END-- [ RunTime:0.001188s ]
INFO: [ view_parse ] --START--
INFO: [ template_filter ] --START--
INFO: Run Behavior\ContentReplaceBehavior [ RunTime:0.000101s ]
INFO: [ template_filter ] --END-- [ RunTime:0.000268s ]
INFO: Run Behavior\ParseTemplateBehavior [ RunTime:0.007827s ]
INFO: [ view_parse ] --END-- [ RunTime:0.008013s ]
INFO: [ view_filter ] --START--
INFO: Run Behavior\WriteHtmlCacheBehavior [ RunTime:0.000295s ]
INFO: [ view_filter ] --END-- [ RunTime:0.000447s ]
INFO: [ app_end ] --START--
INFO: Run Behavior\ShowPageTraceBehavior [ RunTime:0.000508s ]
INFO: [ app_end ] --END-- [ RunTime:0.000664s ]

[ 2016-05-06T08:53:31+08:00 ] ::1 /AM/index.php/Home/UserManage/login
INFO: [ app_init ] --START--
INFO: Run Behavior\BuildLiteBehavior [ RunTime:0.000033s ]
INFO: [ app_init ] --END-- [ RunTime:0.000495s ]
INFO: [ app_begin ] --START--
INFO: Run Behavior\ReadHtmlCacheBehavior [ RunTime:0.000821s ]
INFO: [ app_begin ] --END-- [ RunTime:0.001137s ]
SQL: SHOW COLUMNS FROM `think_user` [ RunTime:0.0714s ]
SQL: SELECT * FROM `think_user` WHERE `id` = '13331336' AND `passwd` = '13331336'  [ RunTime:0.0003s ]
NOTIC: [8] Undefined index: id J:\wamp_server\wamp\www\AM\Home\Controller\UserManageController.class.php 第 14 行.
NOTIC: [8] Undefined index: id J:\wamp_server\wamp\www\AM\Home\Controller\UserManageController.class.php 第 16 行.
NOTIC: [8] Undefined index: account J:\wamp_server\wamp\www\AM\Home\Controller\UserManageController.class.php 第 19 行.

[ 2016-05-06T08:54:13+08:00 ] ::1 /AM/index.php/Home/UserManage/log
INFO: [ app_init ] --START--
INFO: Run Behavior\BuildLiteBehavior [ RunTime:0.000050s ]
INFO: [ app_init ] --END-- [ RunTime:0.000827s ]
INFO: [ app_begin ] --START--
INFO: Run Behavior\ReadHtmlCacheBehavior [ RunTime:0.000793s ]
INFO: [ app_begin ] --END-- [ RunTime:0.001029s ]
INFO: [ view_parse ] --START--
INFO: [ template_filter ] --START--
INFO: Run Behavior\ContentReplaceBehavior [ RunTime:0.000086s ]
INFO: [ template_filter ] --END-- [ RunTime:0.000253s ]
INFO: Run Behavior\ParseTemplateBehavior [ RunTime:0.007238s ]
INFO: [ view_parse ] --END-- [ RunTime:0.007422s ]
INFO: [ view_filter ] --START--
INFO: Run Behavior\WriteHtmlCacheBehavior [ RunTime:0.000362s ]
INFO: [ view_filter ] --END-- [ RunTime:0.000513s ]
INFO: [ app_end ] --START--
INFO: Run Behavior\ShowPageTraceBehavior [ RunTime:0.000638s ]
INFO: [ app_end ] --END-- [ RunTime:0.000817s ]

[ 2016-05-06T08:54:17+08:00 ] ::1 /AM/index.php/Home/UserManage/login
INFO: [ app_init ] --START--
INFO: Run Behavior\BuildLiteBehavior [ RunTime:0.000035s ]
INFO: [ app_init ] --END-- [ RunTime:0.000619s ]
INFO: [ app_begin ] --START--
INFO: Run Behavior\ReadHtmlCacheBehavior [ RunTime:0.000625s ]
INFO: [ app_begin ] --END-- [ RunTime:0.000795s ]
SQL: SHOW COLUMNS FROM `think_user` [ RunTime:0.0093s ]
SQL: SELECT * FROM `think_user` WHERE `id` = '13331336' AND `passwd` = '13331336'  [ RunTime:0.0004s ]
NOTIC: [8] Undefined index: id J:\wamp_server\wamp\www\AM\Home\Controller\UserManageController.class.php 第 16 行.
NOTIC: [8] Undefined index: account J:\wamp_server\wamp\www\AM\Home\Controller\UserManageController.class.php 第 19 行.

[ 2016-05-06T08:54:48+08:00 ] ::1 /AM/index.php/Home/UserManage/log
INFO: [ app_init ] --START--
INFO: Run Behavior\BuildLiteBehavior [ RunTime:0.000036s ]
INFO: [ app_init ] --END-- [ RunTime:0.000512s ]
INFO: [ app_begin ] --START--
INFO: Run Behavior\ReadHtmlCacheBehavior [ RunTime:0.000466s ]
INFO: [ app_begin ] --END-- [ RunTime:0.000617s ]
INFO: [ view_parse ] --START--
INFO: [ template_filter ] --START--
INFO: Run Behavior\ContentReplaceBehavior [ RunTime:0.000079s ]
INFO: [ template_filter ] --END-- [ RunTime:0.000268s ]
INFO: Run Behavior\ParseTemplateBehavior [ RunTime:0.007471s ]
INFO: [ view_parse ] --END-- [ RunTime:0.007821s ]
INFO: [ view_filter ] --START--
INFO: Run Behavior\WriteHtmlCacheBehavior [ RunTime:0.000430s ]
INFO: [ view_filter ] --END-- [ RunTime:0.000647s ]
INFO: [ app_end ] --START--
INFO: Run Behavior\ShowPageTraceBehavior [ RunTime:0.001039s ]
INFO: [ app_end ] --END-- [ RunTime:0.001417s ]

[ 2016-05-06T08:54:53+08:00 ] ::1 /AM/index.php/Home/UserManage/login
INFO: [ app_init ] --START--
INFO: Run Behavior\BuildLiteBehavior [ RunTime:0.000033s ]
INFO: [ app_init ] --END-- [ RunTime:0.000463s ]
INFO: [ app_begin ] --START--
INFO: Run Behavior\ReadHtmlCacheBehavior [ RunTime:0.000591s ]
INFO: [ app_begin ] --END-- [ RunTime:0.000835s ]
SQL: SHOW COLUMNS FROM `think_user` [ RunTime:0.0103s ]
SQL: SELECT * FROM `think_user` WHERE `id` = '13331336' AND `passwd` = '13331336'  [ RunTime:0.0004s ]
NOTIC: [8] Undefined index: id J:\wamp_server\wamp\www\AM\Home\Controller\UserManageController.class.php 第 16 行.
NOTIC: [8] Undefined index: account J:\wamp_server\wamp\www\AM\Home\Controller\UserManageController.class.php 第 19 行.

[ 2016-05-06T08:54:59+08:00 ] ::1 /AM/index.php/Home/UserManage/log
INFO: [ app_init ] --START--
INFO: Run Behavior\BuildLiteBehavior [ RunTime:0.000035s ]
INFO: [ app_init ] --END-- [ RunTime:0.000524s ]
INFO: [ app_begin ] --START--
INFO: Run Behavior\ReadHtmlCacheBehavior [ RunTime:0.000509s ]
INFO: [ app_begin ] --END-- [ RunTime:0.000669s ]
INFO: [ view_parse ] --START--
INFO: [ template_filter ] --START--
INFO: Run Behavior\ContentReplaceBehavior [ RunTime:0.000078s ]
INFO: [ template_filter ] --END-- [ RunTime:0.000236s ]
INFO: Run Behavior\ParseTemplateBehavior [ RunTime:0.007185s ]
INFO: [ view_parse ] --END-- [ RunTime:0.007430s ]
INFO: [ view_filter ] --START--
INFO: Run Behavior\WriteHtmlCacheBehavior [ RunTime:0.000450s ]
INFO: [ view_filter ] --END-- [ RunTime:0.000630s ]
INFO: [ app_end ] --START--
INFO: Run Behavior\ShowPageTraceBehavior [ RunTime:0.000692s ]
INFO: [ app_end ] --END-- [ RunTime:0.000862s ]

[ 2016-05-06T08:55:04+08:00 ] ::1 /AM/index.php/Home/UserManage/login
INFO: [ app_init ] --START--
INFO: Run Behavior\BuildLiteBehavior [ RunTime:0.000032s ]
INFO: [ app_init ] --END-- [ RunTime:0.000474s ]
INFO: [ app_begin ] --START--
INFO: Run Behavior\ReadHtmlCacheBehavior [ RunTime:0.000482s ]
INFO: [ app_begin ] --END-- [ RunTime:0.000672s ]
SQL: SHOW COLUMNS FROM `think_user` [ RunTime:0.0112s ]
SQL: SELECT * FROM `think_user` WHERE `id` = '13331336' AND `passwd` = '13331336'  [ RunTime:0.0004s ]
NOTIC: [8] Undefined index: id J:\wamp_server\wamp\www\AM\Home\Controller\UserManageController.class.php 第 16 行.
NOTIC: [8] Undefined index: account J:\wamp_server\wamp\www\AM\Home\Controller\UserManageController.class.php 第 19 行.

[ 2016-05-06T08:56:34+08:00 ] ::1 /AM/index.php/Home/UserManage/log
INFO: [ app_init ] --START--
INFO: Run Behavior\BuildLiteBehavior [ RunTime:0.000035s ]
INFO: [ app_init ] --END-- [ RunTime:0.000598s ]
INFO: [ app_begin ] --START--
INFO: Run Behavior\ReadHtmlCacheBehavior [ RunTime:0.000599s ]
INFO: [ app_begin ] --END-- [ RunTime:0.000755s ]
INFO: [ view_parse ] --START--
INFO: [ template_filter ] --START--
INFO: Run Behavior\ContentReplaceBehavior [ RunTime:0.000088s ]
INFO: [ template_filter ] --END-- [ RunTime:0.000264s ]
INFO: Run Behavior\ParseTemplateBehavior [ RunTime:0.007865s ]
INFO: [ view_parse ] --END-- [ RunTime:0.008037s ]
INFO: [ view_filter ] --START--
INFO: Run Behavior\WriteHtmlCacheBehavior [ RunTime:0.000370s ]
INFO: [ view_filter ] --END-- [ RunTime:0.000534s ]
INFO: [ app_end ] --START--
INFO: Run Behavior\ShowPageTraceBehavior [ RunTime:0.000762s ]
INFO: [ app_end ] --END-- [ RunTime:0.001000s ]

[ 2016-05-06T08:56:40+08:00 ] ::1 /AM/index.php/Home/UserManage/login
INFO: [ app_init ] --START--
INFO: Run Behavior\BuildLiteBehavior [ RunTime:0.000034s ]
INFO: [ app_init ] --END-- [ RunTime:0.000463s ]
INFO: [ app_begin ] --START--
INFO: Run Behavior\ReadHtmlCacheBehavior [ RunTime:0.000479s ]
INFO: [ app_begin ] --END-- [ RunTime:0.000630s ]
SQL: SHOW COLUMNS FROM `think_user` [ RunTime:0.0091s ]
SQL: SELECT * FROM `think_user` WHERE `id` = '13331336' AND `passwd` = '13331336'  [ RunTime:0.0004s ]
NOTIC: [8] Undefined index: passwd J:\wamp_server\wamp\www\AM\Home\Controller\UserManageController.class.php 第 14 行.
NOTIC: [8] Undefined index: id J:\wamp_server\wamp\www\AM\Home\Controller\UserManageController.class.php 第 16 行.
NOTIC: [8] Undefined index: account J:\wamp_server\wamp\www\AM\Home\Controller\UserManageController.class.php 第 19 行.

[ 2016-05-06T08:56:56+08:00 ] ::1 /AM/index.php/Home/UserManage/log
INFO: [ app_init ] --START--
INFO: Run Behavior\BuildLiteBehavior [ RunTime:0.000034s ]
INFO: [ app_init ] --END-- [ RunTime:0.000541s ]
INFO: [ app_begin ] --START--
INFO: Run Behavior\ReadHtmlCacheBehavior [ RunTime:0.000506s ]
INFO: [ app_begin ] --END-- [ RunTime:0.000682s ]
INFO: [ view_parse ] --START--
INFO: [ template_filter ] --START--
INFO: Run Behavior\ContentReplaceBehavior [ RunTime:0.000089s ]
INFO: [ template_filter ] --END-- [ RunTime:0.000270s ]
INFO: Run Behavior\ParseTemplateBehavior [ RunTime:0.008326s ]
INFO: [ view_parse ] --END-- [ RunTime:0.008507s ]
INFO: [ view_filter ] --START--
INFO: Run Behavior\WriteHtmlCacheBehavior [ RunTime:0.000308s ]
INFO: [ view_filter ] --END-- [ RunTime:0.000473s ]
INFO: [ app_end ] --START--
INFO: Run Behavior\ShowPageTraceBehavior [ RunTime:0.000528s ]
INFO: [ app_end ] --END-- [ RunTime:0.000685s ]

[ 2016-05-06T08:57:01+08:00 ] ::1 /AM/index.php/Home/UserManage/login
INFO: [ app_init ] --START--
INFO: Run Behavior\BuildLiteBehavior [ RunTime:0.000036s ]
INFO: [ app_init ] --END-- [ RunTime:0.000503s ]
INFO: [ app_begin ] --START--
INFO: Run Behavior\ReadHtmlCacheBehavior [ RunTime:0.000626s ]
INFO: [ app_begin ] --END-- [ RunTime:0.000846s ]
SQL: SHOW COLUMNS FROM `think_user` [ RunTime:0.0100s ]
SQL: SELECT * FROM `think_user` WHERE `id` = '13331336' AND `passwd` = '13331336'  [ RunTime:0.0003s ]
NOTIC: [8] Undefined offset: 1 J:\wamp_server\wamp\www\AM\Home\Controller\UserManageController.class.php 第 14 行.
NOTIC: [8] Undefined index: id J:\wamp_server\wamp\www\AM\Home\Controller\UserManageController.class.php 第 16 行.
NOTIC: [8] Undefined index: account J:\wamp_server\wamp\www\AM\Home\Controller\UserManageController.class.php 第 19 行.

[ 2016-05-06T08:57:26+08:00 ] ::1 /AM/index.php/Home/UserManage/login
INFO: [ app_init ] --START--
INFO: Run Behavior\BuildLiteBehavior [ RunTime:0.000034s ]
INFO: [ app_init ] --END-- [ RunTime:0.000498s ]
INFO: [ app_begin ] --START--
INFO: Run Behavior\ReadHtmlCacheBehavior [ RunTime:0.000480s ]
INFO: [ app_begin ] --END-- [ RunTime:0.000631s ]
SQL: SHOW COLUMNS FROM `think_user` [ RunTime:0.0373s ]
SQL: SELECT * FROM `think_user` WHERE `id` = '13331336' AND `passwd` = '13331336'  [ RunTime:0.0003s ]
NOTIC: [8] Undefined index: id J:\wamp_server\wamp\www\AM\Home\Controller\UserManageController.class.php 第 16 行.
NOTIC: [8] Undefined index: account J:\wamp_server\wamp\www\AM\Home\Controller\UserManageController.class.php 第 19 行.

[ 2016-05-06T08:58:37+08:00 ] ::1 /AM/index.php/Home/UserManage/login
INFO: [ app_init ] --START--
INFO: Run Behavior\BuildLiteBehavior [ RunTime:0.000033s ]
INFO: [ app_init ] --END-- [ RunTime:0.000520s ]
INFO: [ app_begin ] --START--
INFO: Run Behavior\ReadHtmlCacheBehavior [ RunTime:0.000563s ]
INFO: [ app_begin ] --END-- [ RunTime:0.000715s ]
SQL: SHOW COLUMNS FROM `think_user` [ RunTime:0.0106s ]
SQL: SELECT * FROM `think_user` WHERE `id` = '13331336' AND `passwd` = '13331336'  [ RunTime:0.0004s ]
NOTIC: [8] Undefined index: name J:\wamp_server\wamp\www\AM\Home\Controller\UserManageController.class.php 第 14 行.
NOTIC: [8] Undefined index: id J:\wamp_server\wamp\www\AM\Home\Controller\UserManageController.class.php 第 16 行.
NOTIC: [8] Undefined index: account J:\wamp_server\wamp\www\AM\Home\Controller\UserManageController.class.php 第 19 行.

[ 2016-05-06T08:59:48+08:00 ] ::1 /AM/index.php/Home/UserManage/log
INFO: [ app_init ] --START--
INFO: Run Behavior\BuildLiteBehavior [ RunTime:0.000035s ]
INFO: [ app_init ] --END-- [ RunTime:0.000572s ]
INFO: [ app_begin ] --START--
INFO: Run Behavior\ReadHtmlCacheBehavior [ RunTime:0.000535s ]
INFO: [ app_begin ] --END-- [ RunTime:0.000719s ]
INFO: [ view_parse ] --START--
INFO: [ template_filter ] --START--
INFO: Run Behavior\ContentReplaceBehavior [ RunTime:0.000091s ]
INFO: [ template_filter ] --END-- [ RunTime:0.000274s ]
INFO: Run Behavior\ParseTemplateBehavior [ RunTime:0.007479s ]
INFO: [ view_parse ] --END-- [ RunTime:0.007654s ]
INFO: [ view_filter ] --START--
INFO: Run Behavior\WriteHtmlCacheBehavior [ RunTime:0.000375s ]
INFO: [ view_filter ] --END-- [ RunTime:0.000527s ]
INFO: [ app_end ] --START--
INFO: Run Behavior\ShowPageTraceBehavior [ RunTime:0.000566s ]
INFO: [ app_end ] --END-- [ RunTime:0.000732s ]

[ 2016-05-06T08:59:54+08:00 ] ::1 /AM/index.php/Home/UserManage/login
INFO: [ app_init ] --START--
INFO: Run Behavior\BuildLiteBehavior [ RunTime:0.000033s ]
INFO: [ app_init ] --END-- [ RunTime:0.000489s ]
INFO: [ app_begin ] --START--
INFO: Run Behavior\ReadHtmlCacheBehavior [ RunTime:0.000512s ]
INFO: [ app_begin ] --END-- [ RunTime:0.000671s ]
SQL: SHOW COLUMNS FROM `think_user` [ RunTime:0.0104s ]
SQL: SELECT * FROM `think_user` WHERE `id` = '13331336' AND `passwd` = '13331336'  [ RunTime:0.0004s ]
NOTIC: [8] Use of undefined constant name - assumed 'name' J:\wamp_server\wamp\www\AM\Home\Controller\UserManageController.class.php 第 14 行.
NOTIC: [8] Array to string conversion J:\wamp_server\wamp\www\AM\Home\Controller\UserManageController.class.php 第 14 行.
NOTIC: [8] Undefined index: id J:\wamp_server\wamp\www\AM\Home\Controller\UserManageController.class.php 第 16 行.
NOTIC: [8] Undefined index: account J:\wamp_server\wamp\www\AM\Home\Controller\UserManageController.class.php 第 19 行.

[ 2016-05-06T09:00:38+08:00 ] ::1 /AM/index.php/Home/UserManage/login
INFO: [ app_init ] --START--
INFO: Run Behavior\BuildLiteBehavior [ RunTime:0.000035s ]
INFO: [ app_init ] --END-- [ RunTime:0.000547s ]
INFO: [ app_begin ] --START--
INFO: Run Behavior\ReadHtmlCacheBehavior [ RunTime:0.000622s ]
INFO: [ app_begin ] --END-- [ RunTime:0.000777s ]
SQL: SHOW COLUMNS FROM `think_user` [ RunTime:0.0104s ]
SQL: SELECT * FROM `think_user` WHERE `id` = '13331336' AND `passwd` = '13331336'  [ RunTime:0.0004s ]
NOTIC: [8] Undefined index: id J:\wamp_server\wamp\www\AM\Home\Controller\UserManageController.class.php 第 16 行.
NOTIC: [8] Undefined index: account J:\wamp_server\wamp\www\AM\Home\Controller\UserManageController.class.php 第 19 行.

[ 2016-05-06T09:12:18+08:00 ] ::1 /AM/index.php/Home/UserManage/login
INFO: [ app_init ] --START--
INFO: Run Behavior\BuildLiteBehavior [ RunTime:0.000033s ]
INFO: [ app_init ] --END-- [ RunTime:0.000523s ]
INFO: [ app_begin ] --START--
INFO: Run Behavior\ReadHtmlCacheBehavior [ RunTime:0.000566s ]
INFO: [ app_begin ] --END-- [ RunTime:0.000716s ]
SQL: SHOW COLUMNS FROM `think_user` [ RunTime:0.0103s ]
SQL: SELECT * FROM `think_user` WHERE `id` = '13331336' AND `passwd` = '13331336'  [ RunTime:0.0004s ]
NOTIC: [8] Undefined index: account J:\wamp_server\wamp\www\AM\Home\Controller\UserManageController.class.php 第 19 行.

[ 2016-05-06T09:12:45+08:00 ] ::1 /AM/index.php/Home/UserManage/logoff
INFO: [ app_init ] --START--
INFO: Run Behavior\BuildLiteBehavior [ RunTime:0.000035s ]
INFO: [ app_init ] --END-- [ RunTime:0.000525s ]
INFO: [ app_begin ] --START--
INFO: Run Behavior\ReadHtmlCacheBehavior [ RunTime:0.000824s ]
INFO: [ app_begin ] --END-- [ RunTime:0.001028s ]
INFO: [ app_end ] --START--
INFO: Run Behavior\ShowPageTraceBehavior [ RunTime:0.000566s ]
INFO: [ app_end ] --END-- [ RunTime:0.000721s ]

[ 2016-05-06T09:12:55+08:00 ] ::1 /AM/index.php/Home/UserManage/log
INFO: [ app_init ] --START--
INFO: Run Behavior\BuildLiteBehavior [ RunTime:0.000037s ]
INFO: [ app_init ] --END-- [ RunTime:0.000546s ]
INFO: [ app_begin ] --START--
INFO: Run Behavior\ReadHtmlCacheBehavior [ RunTime:0.001199s ]
INFO: [ app_begin ] --END-- [ RunTime:0.001466s ]
INFO: [ view_parse ] --START--
INFO: [ template_filter ] --START--
INFO: Run Behavior\ContentReplaceBehavior [ RunTime:0.000088s ]
INFO: [ template_filter ] --END-- [ RunTime:0.000263s ]
INFO: Run Behavior\ParseTemplateBehavior [ RunTime:0.007953s ]
INFO: [ view_parse ] --END-- [ RunTime:0.008137s ]
INFO: [ view_filter ] --START--
INFO: Run Behavior\WriteHtmlCacheBehavior [ RunTime:0.000378s ]
INFO: [ view_filter ] --END-- [ RunTime:0.000532s ]
INFO: [ app_end ] --START--
INFO: Run Behavior\ShowPageTraceBehavior [ RunTime:0.000591s ]
INFO: [ app_end ] --END-- [ RunTime:0.000750s ]

[ 2016-05-06T09:13:14+08:00 ] ::1 /AM/index.php/Home/UserManage/login
INFO: [ app_init ] --START--
INFO: Run Behavior\BuildLiteBehavior [ RunTime:0.000035s ]
INFO: [ app_init ] --END-- [ RunTime:0.000510s ]
INFO: [ app_begin ] --START--
INFO: Run Behavior\ReadHtmlCacheBehavior [ RunTime:0.000489s ]
INFO: [ app_begin ] --END-- [ RunTime:0.000719s ]
SQL: SHOW COLUMNS FROM `think_user` [ RunTime:0.0097s ]
SQL: SELECT * FROM `think_user` WHERE `id` = '13331336' AND `passwd` = '13331336'  [ RunTime:0.0004s ]
NOTIC: [8] Undefined index: account J:\wamp_server\wamp\www\AM\Home\Controller\UserManageController.class.php 第 19 行.

[ 2016-05-06T09:13:21+08:00 ] ::1 /AM/index.php/Home/UserManage/logoff
INFO: [ app_init ] --START--
INFO: Run Behavior\BuildLiteBehavior [ RunTime:0.000036s ]
INFO: [ app_init ] --END-- [ RunTime:0.000500s ]
INFO: [ app_begin ] --START--
INFO: Run Behavior\ReadHtmlCacheBehavior [ RunTime:0.000782s ]
INFO: [ app_begin ] --END-- [ RunTime:0.000972s ]
INFO: [ app_end ] --START--
INFO: Run Behavior\ShowPageTraceBehavior [ RunTime:0.000500s ]
INFO: [ app_end ] --END-- [ RunTime:0.000663s ]

[ 2016-05-06T09:13:36+08:00 ] ::1 /AM/index.php/Home/UserManage/log
INFO: [ app_init ] --START--
INFO: Run Behavior\BuildLiteBehavior [ RunTime:0.000033s ]
INFO: [ app_init ] --END-- [ RunTime:0.000484s ]
INFO: [ app_begin ] --START--
INFO: Run Behavior\ReadHtmlCacheBehavior [ RunTime:0.000483s ]
INFO: [ app_begin ] --END-- [ RunTime:0.000634s ]
INFO: [ view_parse ] --START--
INFO: [ template_filter ] --START--
INFO: Run Behavior\ContentReplaceBehavior [ RunTime:0.000092s ]
INFO: [ template_filter ] --END-- [ RunTime:0.000271s ]
INFO: Run Behavior\ParseTemplateBehavior [ RunTime:0.008241s ]
INFO: [ view_parse ] --END-- [ RunTime:0.008416s ]
INFO: [ view_filter ] --START--
INFO: Run Behavior\WriteHtmlCacheBehavior [ RunTime:0.000382s ]
INFO: [ view_filter ] --END-- [ RunTime:0.000535s ]
INFO: [ app_end ] --START--
INFO: Run Behavior\ShowPageTraceBehavior [ RunTime:0.000505s ]
INFO: [ app_end ] --END-- [ RunTime:0.000663s ]

[ 2016-05-06T09:13:41+08:00 ] ::1 /AM/index.php/Home/UserManage/login
INFO: [ app_init ] --START--
INFO: Run Behavior\BuildLiteBehavior [ RunTime:0.000032s ]
INFO: [ app_init ] --END-- [ RunTime:0.000459s ]
INFO: [ app_begin ] --START--
INFO: Run Behavior\ReadHtmlCacheBehavior [ RunTime:0.000447s ]
INFO: [ app_begin ] --END-- [ RunTime:0.000598s ]
SQL: SHOW COLUMNS FROM `think_user` [ RunTime:0.0143s ]
SQL: SELECT * FROM `think_user` WHERE `id` = '13331336' AND `passwd` = '13331336'  [ RunTime:0.0004s ]
NOTIC: [8] Undefined index: id J:\wamp_server\wamp\www\AM\Home\Controller\UserManageController.class.php 第 16 行.
NOTIC: [8] Undefined index: account J:\wamp_server\wamp\www\AM\Home\Controller\UserManageController.class.php 第 19 行.

[ 2016-05-06T09:15:28+08:00 ] ::1 /AM/index.php/Home/UserManage/login
INFO: [ app_init ] --START--
INFO: Run Behavior\BuildLiteBehavior [ RunTime:0.000037s ]
INFO: [ app_init ] --END-- [ RunTime:0.000586s ]
INFO: [ app_begin ] --START--
INFO: Run Behavior\ReadHtmlCacheBehavior [ RunTime:0.000796s ]
INFO: [ app_begin ] --END-- [ RunTime:0.001036s ]
SQL: SHOW COLUMNS FROM `think_user` [ RunTime:0.0108s ]
SQL: SELECT * FROM `think_user` WHERE `id` = '13331336' AND `passwd` = '13331336'  [ RunTime:0.0004s ]
NOTIC: [8] Undefined index: id J:\wamp_server\wamp\www\AM\Home\Controller\UserManageController.class.php 第 16 行.
NOTIC: [8] Undefined index: account J:\wamp_server\wamp\www\AM\Home\Controller\UserManageController.class.php 第 19 行.

[ 2016-05-06T09:16:22+08:00 ] ::1 /AM/index.php/Home/UserManage/log
INFO: [ app_init ] --START--
INFO: Run Behavior\BuildLiteBehavior [ RunTime:0.000037s ]
INFO: [ app_init ] --END-- [ RunTime:0.000547s ]
INFO: [ app_begin ] --START--
INFO: Run Behavior\ReadHtmlCacheBehavior [ RunTime:0.000660s ]
INFO: [ app_begin ] --END-- [ RunTime:0.000835s ]
INFO: [ view_parse ] --START--
INFO: [ template_filter ] --START--
INFO: Run Behavior\ContentReplaceBehavior [ RunTime:0.000149s ]
INFO: [ template_filter ] --END-- [ RunTime:0.000428s ]
INFO: Run Behavior\ParseTemplateBehavior [ RunTime:0.009154s ]
INFO: [ view_parse ] --END-- [ RunTime:0.009358s ]
INFO: [ view_filter ] --START--
INFO: Run Behavior\WriteHtmlCacheBehavior [ RunTime:0.000757s ]
INFO: [ view_filter ] --END-- [ RunTime:0.000914s ]
INFO: [ app_end ] --START--
INFO: Run Behavior\ShowPageTraceBehavior [ RunTime:0.000625s ]
INFO: [ app_end ] --END-- [ RunTime:0.000778s ]

[ 2016-05-06T09:16:28+08:00 ] ::1 /AM/index.php/Home/UserManage/login
INFO: [ app_init ] --START--
INFO: Run Behavior\BuildLiteBehavior [ RunTime:0.000036s ]
INFO: [ app_init ] --END-- [ RunTime:0.000505s ]
INFO: [ app_begin ] --START--
INFO: Run Behavior\ReadHtmlCacheBehavior [ RunTime:0.000478s ]
INFO: [ app_begin ] --END-- [ RunTime:0.000628s ]
SQL: SHOW COLUMNS FROM `think_user` [ RunTime:0.0094s ]
SQL: SELECT * FROM `think_user` WHERE `id` = '13331336' AND `passwd` = '13331336'  [ RunTime:0.0004s ]
NOTIC: [8] Undefined index: account J:\wamp_server\wamp\www\AM\Home\Controller\UserManageController.class.php 第 19 行.

