[ 2016-05-12T11:04:08+08:00 ] ::1 /AM/index.php/Home/InfoManage/check
INFO: [ app_init ] --START--
INFO: Run Behavior\BuildLiteBehavior [ RunTime:0.000090s ]
INFO: [ app_init ] --END-- [ RunTime:0.042752s ]
INFO: [ app_begin ] --START--
INFO: Run Behavior\ReadHtmlCacheBehavior [ RunTime:0.061258s ]
INFO: [ app_begin ] --END-- [ RunTime:0.061551s ]

[ 2016-05-12T11:06:09+08:00 ] ::1 /AM/index.php/Home/InfoManage/check
INFO: [ app_init ] --START--
INFO: Run Behavior\BuildLiteBehavior [ RunTime:0.000086s ]
INFO: [ app_init ] --END-- [ RunTime:0.000803s ]
INFO: [ app_begin ] --START--
INFO: Run Behavior\ReadHtmlCacheBehavior [ RunTime:0.001237s ]
INFO: [ app_begin ] --END-- [ RunTime:0.001554s ]

[ 2016-05-12T11:07:02+08:00 ] ::1 /AM/index.php/Home/InfoManage/check
INFO: [ app_init ] --START--
INFO: Run Behavior\BuildLiteBehavior [ RunTime:0.000040s ]
INFO: [ app_init ] --END-- [ RunTime:0.000574s ]
INFO: [ app_begin ] --START--
INFO: Run Behavior\ReadHtmlCacheBehavior [ RunTime:0.000816s ]
INFO: [ app_begin ] --END-- [ RunTime:0.001090s ]

[ 2016-05-12T11:07:03+08:00 ] ::1 /AM/index.php/Home/InfoManage/check
INFO: [ app_init ] --START--
INFO: Run Behavior\BuildLiteBehavior [ RunTime:0.000136s ]
INFO: [ app_init ] --END-- [ RunTime:0.001677s ]
INFO: [ app_begin ] --START--
INFO: Run Behavior\ReadHtmlCacheBehavior [ RunTime:0.000570s ]
INFO: [ app_begin ] --END-- [ RunTime:0.000762s ]

[ 2016-05-12T11:10:57+08:00 ] ::1 /AM/index.php/Home/InfoManage/check
INFO: [ app_init ] --START--
INFO: Run Behavior\BuildLiteBehavior [ RunTime:0.000063s ]
INFO: [ app_init ] --END-- [ RunTime:0.000617s ]
INFO: [ app_begin ] --START--
INFO: Run Behavior\ReadHtmlCacheBehavior [ RunTime:0.001441s ]
INFO: [ app_begin ] --END-- [ RunTime:0.001906s ]

[ 2016-05-12T11:11:08+08:00 ] ::1 /AM/index.php/Home/InfoManage/check
INFO: [ app_init ] --START--
INFO: Run Behavior\BuildLiteBehavior [ RunTime:0.000070s ]
INFO: [ app_init ] --END-- [ RunTime:0.000939s ]
INFO: [ app_begin ] --START--
INFO: Run Behavior\ReadHtmlCacheBehavior [ RunTime:0.000742s ]
INFO: [ app_begin ] --END-- [ RunTime:0.000928s ]
SQL: SHOW COLUMNS FROM `ams_assistant` [ RunTime:0.2365s ]
INFO: [ view_parse ] --START--
INFO: [ template_filter ] --START--
INFO: Run Behavior\ContentReplaceBehavior [ RunTime:0.013451s ]
INFO: [ template_filter ] --END-- [ RunTime:0.013680s ]
INFO: Run Behavior\ParseTemplateBehavior [ RunTime:0.285274s ]
INFO: [ view_parse ] --END-- [ RunTime:0.285485s ]
INFO: [ view_filter ] --START--
INFO: Run Behavior\WriteHtmlCacheBehavior [ RunTime:0.025099s ]
INFO: [ view_filter ] --END-- [ RunTime:0.025354s ]
INFO: [ app_end ] --START--
INFO: Run Behavior\ShowPageTraceBehavior [ RunTime:0.010247s ]
INFO: [ app_end ] --END-- [ RunTime:0.010490s ]

[ 2016-05-12T11:11:30+08:00 ] ::1 /AM/index.php/Home/UserManage/login
INFO: [ app_init ] --START--
INFO: Run Behavior\BuildLiteBehavior [ RunTime:0.000109s ]
INFO: [ app_init ] --END-- [ RunTime:0.001523s ]
INFO: [ app_begin ] --START--
INFO: Run Behavior\ReadHtmlCacheBehavior [ RunTime:0.001477s ]
INFO: [ app_begin ] --END-- [ RunTime:0.001997s ]
SQL: SHOW COLUMNS FROM `ams_manager` [ RunTime:0.0879s ]
SQL: SELECT * FROM `ams_manager` WHERE `passwd` = ''  [ RunTime:0.0787s ]

[ 2016-05-12T11:12:05+08:00 ] ::1 /AM/index.php/Home/UserManage/login
INFO: [ app_init ] --START--
INFO: Run Behavior\BuildLiteBehavior [ RunTime:0.000042s ]
INFO: [ app_init ] --END-- [ RunTime:0.000579s ]
INFO: [ app_begin ] --START--
INFO: Run Behavior\ReadHtmlCacheBehavior [ RunTime:0.000903s ]
INFO: [ app_begin ] --END-- [ RunTime:0.001238s ]
SQL: SHOW COLUMNS FROM `ams_manager` [ RunTime:0.0136s ]
SQL: SELECT * FROM `ams_manager` WHERE `passwd` = ''  [ RunTime:0.0004s ]

[ 2016-05-12T11:12:20+08:00 ] ::1 /AM/index.php/Home/UserManage/login
INFO: [ app_init ] --START--
INFO: Run Behavior\BuildLiteBehavior [ RunTime:0.000077s ]
INFO: [ app_init ] --END-- [ RunTime:0.001001s ]
INFO: [ app_begin ] --START--
INFO: Run Behavior\ReadHtmlCacheBehavior [ RunTime:0.000593s ]
INFO: [ app_begin ] --END-- [ RunTime:0.000809s ]
SQL: SHOW COLUMNS FROM `ams_manager` [ RunTime:0.0864s ]
SQL: SELECT * FROM `ams_manager` WHERE `passwd` = '' LIMIT 1   [ RunTime:0.0194s ]

[ 2016-05-12T11:12:46+08:00 ] ::1 /AM/index.php/Home/UserManage/log
INFO: [ app_init ] --START--
INFO: Run Behavior\BuildLiteBehavior [ RunTime:0.000040s ]
INFO: [ app_init ] --END-- [ RunTime:0.000553s ]
INFO: [ app_begin ] --START--
INFO: Run Behavior\ReadHtmlCacheBehavior [ RunTime:0.000552s ]
INFO: [ app_begin ] --END-- [ RunTime:0.000753s ]
INFO: [ view_parse ] --START--
INFO: [ template_filter ] --START--
INFO: Run Behavior\ContentReplaceBehavior [ RunTime:0.000118s ]
INFO: [ template_filter ] --END-- [ RunTime:0.000294s ]
INFO: Run Behavior\ParseTemplateBehavior [ RunTime:0.039086s ]
INFO: [ view_parse ] --END-- [ RunTime:0.039533s ]
INFO: [ view_filter ] --START--
INFO: Run Behavior\WriteHtmlCacheBehavior [ RunTime:0.000449s ]
INFO: [ view_filter ] --END-- [ RunTime:0.000615s ]
INFO: [ app_end ] --START--
INFO: Run Behavior\ShowPageTraceBehavior [ RunTime:0.000974s ]
INFO: [ app_end ] --END-- [ RunTime:0.001144s ]

[ 2016-05-12T11:14:29+08:00 ] ::1 /AM/index.php/Home/AssistantManage/add
INFO: [ app_init ] --START--
INFO: Run Behavior\BuildLiteBehavior [ RunTime:0.000197s ]
INFO: [ app_init ] --END-- [ RunTime:0.002787s ]
INFO: [ app_begin ] --START--
INFO: Run Behavior\ReadHtmlCacheBehavior [ RunTime:0.000880s ]
INFO: [ app_begin ] --END-- [ RunTime:0.001080s ]
INFO: [ view_parse ] --START--
INFO: [ template_filter ] --START--
INFO: Run Behavior\ContentReplaceBehavior [ RunTime:0.000113s ]
INFO: [ template_filter ] --END-- [ RunTime:0.000314s ]
INFO: Run Behavior\ParseTemplateBehavior [ RunTime:0.226281s ]
INFO: [ view_parse ] --END-- [ RunTime:0.226559s ]
INFO: [ view_filter ] --START--
INFO: Run Behavior\WriteHtmlCacheBehavior [ RunTime:0.000434s ]
INFO: [ view_filter ] --END-- [ RunTime:0.000611s ]
INFO: [ app_end ] --START--
INFO: Run Behavior\ShowPageTraceBehavior [ RunTime:0.001525s ]
INFO: [ app_end ] --END-- [ RunTime:0.002031s ]

[ 2016-05-12T11:14:34+08:00 ] ::1 /AM/index.php/Home/AssistantManage/addAssistant
INFO: [ app_init ] --START--
INFO: Run Behavior\BuildLiteBehavior [ RunTime:0.000043s ]
INFO: [ app_init ] --END-- [ RunTime:0.000837s ]
INFO: [ app_begin ] --START--
INFO: Run Behavior\ReadHtmlCacheBehavior [ RunTime:0.000743s ]
INFO: [ app_begin ] --END-- [ RunTime:0.001052s ]
NOTIC: [8] Undefined index: userId J:\wamp_server\wamp\www\AM\Home\Controller\AssistantManageController.class.php 第 10 行.

[ 2016-05-12T11:15:59+08:00 ] ::1 /AM/index.php/Home/AssistantManage/log
INFO: [ app_init ] --START--
INFO: Run Behavior\BuildLiteBehavior [ RunTime:0.000071s ]
INFO: [ app_init ] --END-- [ RunTime:0.000863s ]
INFO: [ app_begin ] --START--
INFO: Run Behavior\ReadHtmlCacheBehavior [ RunTime:0.000575s ]
INFO: [ app_begin ] --END-- [ RunTime:0.000764s ]
ERR: 非法操作:log

[ 2016-05-12T11:16:08+08:00 ] ::1 /AM/index.php/Home/UserManage/log
INFO: [ app_init ] --START--
INFO: Run Behavior\BuildLiteBehavior [ RunTime:0.000041s ]
INFO: [ app_init ] --END-- [ RunTime:0.000663s ]
INFO: [ app_begin ] --START--
INFO: Run Behavior\ReadHtmlCacheBehavior [ RunTime:0.000551s ]
INFO: [ app_begin ] --END-- [ RunTime:0.000725s ]
INFO: [ view_parse ] --START--
INFO: [ template_filter ] --START--
INFO: Run Behavior\ContentReplaceBehavior [ RunTime:0.000098s ]
INFO: [ template_filter ] --END-- [ RunTime:0.000295s ]
INFO: Run Behavior\ParseTemplateBehavior [ RunTime:0.010223s ]
INFO: [ view_parse ] --END-- [ RunTime:0.010591s ]
INFO: [ view_filter ] --START--
INFO: Run Behavior\WriteHtmlCacheBehavior [ RunTime:0.001546s ]
INFO: [ view_filter ] --END-- [ RunTime:0.001901s ]
INFO: [ app_end ] --START--
INFO: Run Behavior\ShowPageTraceBehavior [ RunTime:0.000789s ]
INFO: [ app_end ] --END-- [ RunTime:0.001013s ]

[ 2016-05-12T11:16:15+08:00 ] ::1 /AM/index.php/Home/UserManage/login
INFO: [ app_init ] --START--
INFO: Run Behavior\BuildLiteBehavior [ RunTime:0.000036s ]
INFO: [ app_init ] --END-- [ RunTime:0.000617s ]
INFO: [ app_begin ] --START--
INFO: Run Behavior\ReadHtmlCacheBehavior [ RunTime:0.000464s ]
INFO: [ app_begin ] --END-- [ RunTime:0.000658s ]
SQL: SHOW COLUMNS FROM `ams_manager` [ RunTime:0.0952s ]
SQL: SELECT * FROM `ams_manager` WHERE `passwd` = '11' LIMIT 1   [ RunTime:0.0005s ]
NOTIC: [8] Undefined index: account J:\wamp_server\wamp\www\AM\Home\Controller\UserManageController.class.php 第 23 行.

[ 2016-05-12T11:16:24+08:00 ] ::1 /AM/index.php/Home/AssistantManage/add
INFO: [ app_init ] --START--
INFO: Run Behavior\BuildLiteBehavior [ RunTime:0.000056s ]
INFO: [ app_init ] --END-- [ RunTime:0.000555s ]
INFO: [ app_begin ] --START--
INFO: Run Behavior\ReadHtmlCacheBehavior [ RunTime:0.000732s ]
INFO: [ app_begin ] --END-- [ RunTime:0.000935s ]
INFO: [ view_parse ] --START--
INFO: [ template_filter ] --START--
INFO: Run Behavior\ContentReplaceBehavior [ RunTime:0.000098s ]
INFO: [ template_filter ] --END-- [ RunTime:0.000296s ]
INFO: Run Behavior\ParseTemplateBehavior [ RunTime:0.008802s ]
INFO: [ view_parse ] --END-- [ RunTime:0.008979s ]
INFO: [ view_filter ] --START--
INFO: Run Behavior\WriteHtmlCacheBehavior [ RunTime:0.000273s ]
INFO: [ view_filter ] --END-- [ RunTime:0.000456s ]
INFO: [ app_end ] --START--
INFO: Run Behavior\ShowPageTraceBehavior [ RunTime:0.000514s ]
INFO: [ app_end ] --END-- [ RunTime:0.000673s ]

[ 2016-05-12T11:16:30+08:00 ] ::1 /AM/index.php/Home/AssistantManage/addAssistant
INFO: [ app_init ] --START--
INFO: Run Behavior\BuildLiteBehavior [ RunTime:0.000058s ]
INFO: [ app_init ] --END-- [ RunTime:0.000749s ]
INFO: [ app_begin ] --START--
INFO: Run Behavior\ReadHtmlCacheBehavior [ RunTime:0.001025s ]
INFO: [ app_begin ] --END-- [ RunTime:0.001314s ]
SQL: SHOW COLUMNS FROM `ams_assistant` [ RunTime:0.0127s ]
SQL: SELECT * FROM `ams_assistant` WHERE `id` = '12' LIMIT 1   [ RunTime:0.0562s ]
SQL: INSERT INTO `ams_assistant` (`id`,`passwd`) VALUES ('12','12') [ RunTime:0.0985s ]

[ 2016-05-12T11:17:04+08:00 ] ::1 /AM/index.php/Home/UserManage/logoff
INFO: [ app_init ] --START--
INFO: Run Behavior\BuildLiteBehavior [ RunTime:0.000070s ]
INFO: [ app_init ] --END-- [ RunTime:0.000981s ]
INFO: [ app_begin ] --START--
INFO: Run Behavior\ReadHtmlCacheBehavior [ RunTime:0.001570s ]
INFO: [ app_begin ] --END-- [ RunTime:0.001932s ]
INFO: [ app_end ] --START--
INFO: Run Behavior\ShowPageTraceBehavior [ RunTime:0.000662s ]
INFO: [ app_end ] --END-- [ RunTime:0.000865s ]

[ 2016-05-12T11:17:08+08:00 ] ::1 /AM/index.php/Home/UserManage/log
INFO: [ app_init ] --START--
INFO: Run Behavior\BuildLiteBehavior [ RunTime:0.000038s ]
INFO: [ app_init ] --END-- [ RunTime:0.000527s ]
INFO: [ app_begin ] --START--
INFO: Run Behavior\ReadHtmlCacheBehavior [ RunTime:0.000697s ]
INFO: [ app_begin ] --END-- [ RunTime:0.001042s ]
INFO: [ view_parse ] --START--
INFO: [ template_filter ] --START--
INFO: Run Behavior\ContentReplaceBehavior [ RunTime:0.000097s ]
INFO: [ template_filter ] --END-- [ RunTime:0.000290s ]
INFO: Run Behavior\ParseTemplateBehavior [ RunTime:0.009567s ]
INFO: [ view_parse ] --END-- [ RunTime:0.009806s ]
INFO: [ view_filter ] --START--
INFO: Run Behavior\WriteHtmlCacheBehavior [ RunTime:0.000362s ]
INFO: [ view_filter ] --END-- [ RunTime:0.000514s ]
INFO: [ app_end ] --START--
INFO: Run Behavior\ShowPageTraceBehavior [ RunTime:0.000574s ]
INFO: [ app_end ] --END-- [ RunTime:0.000744s ]

[ 2016-05-12T11:17:14+08:00 ] ::1 /AM/index.php/Home/UserManage/login
INFO: [ app_init ] --START--
INFO: Run Behavior\BuildLiteBehavior [ RunTime:0.000070s ]
INFO: [ app_init ] --END-- [ RunTime:0.000788s ]
INFO: [ app_begin ] --START--
INFO: Run Behavior\ReadHtmlCacheBehavior [ RunTime:0.000896s ]
INFO: [ app_begin ] --END-- [ RunTime:0.001226s ]
SQL: SHOW COLUMNS FROM `ams_assistant` [ RunTime:0.0133s ]
SQL: SELECT * FROM `ams_assistant` WHERE `passwd` = '12' LIMIT 1   [ RunTime:0.0004s ]
NOTIC: [8] Undefined index: account J:\wamp_server\wamp\www\AM\Home\Controller\UserManageController.class.php 第 23 行.

[ 2016-05-12T11:17:27+08:00 ] ::1 /AM/index.php/Home/InfoManage/check
INFO: [ app_init ] --START--
INFO: Run Behavior\BuildLiteBehavior [ RunTime:0.000039s ]
INFO: [ app_init ] --END-- [ RunTime:0.000695s ]
INFO: [ app_begin ] --START--
INFO: Run Behavior\ReadHtmlCacheBehavior [ RunTime:0.000585s ]
INFO: [ app_begin ] --END-- [ RunTime:0.000775s ]
SQL: SHOW COLUMNS FROM `ams_assistant` [ RunTime:0.0936s ]
INFO: [ view_parse ] --START--
INFO: [ template_filter ] --START--
INFO: Run Behavior\ContentReplaceBehavior [ RunTime:0.000159s ]
INFO: [ template_filter ] --END-- [ RunTime:0.000559s ]
INFO: Run Behavior\ParseTemplateBehavior [ RunTime:0.008022s ]
INFO: [ view_parse ] --END-- [ RunTime:0.008280s ]
INFO: [ view_filter ] --START--
INFO: Run Behavior\WriteHtmlCacheBehavior [ RunTime:0.000466s ]
INFO: [ view_filter ] --END-- [ RunTime:0.000749s ]
INFO: [ app_end ] --START--
INFO: Run Behavior\ShowPageTraceBehavior [ RunTime:0.000869s ]
INFO: [ app_end ] --END-- [ RunTime:0.001185s ]

[ 2016-05-12T11:17:31+08:00 ] ::1 /AM/index.php/Home/InfoManage/checkUser?passwd=12
INFO: [ app_init ] --START--
INFO: Run Behavior\BuildLiteBehavior [ RunTime:0.000036s ]
INFO: [ app_init ] --END-- [ RunTime:0.000574s ]
INFO: [ app_begin ] --START--
INFO: Run Behavior\ReadHtmlCacheBehavior [ RunTime:0.000764s ]
INFO: [ app_begin ] --END-- [ RunTime:0.001004s ]
SQL: SHOW COLUMNS FROM `ams_assistant` [ RunTime:0.1828s ]
NOTIC: [8] Undefined variable: assistantForm J:\wamp_server\wamp\www\AM\Home\Controller\InfoManageController.class.php 第 25 行.

[ 2016-05-12T11:18:48+08:00 ] ::1 /AM/index.php/Home/InfoManage/checkUser?passwd=12
INFO: [ app_init ] --START--
INFO: Run Behavior\BuildLiteBehavior [ RunTime:0.000040s ]
INFO: [ app_init ] --END-- [ RunTime:0.000629s ]
INFO: [ app_begin ] --START--
INFO: Run Behavior\ReadHtmlCacheBehavior [ RunTime:0.001498s ]
INFO: [ app_begin ] --END-- [ RunTime:0.001928s ]
SQL: SHOW COLUMNS FROM `ams_assistant` [ RunTime:0.0158s ]
NOTIC: [8] Undefined variable: assistantForm J:\wamp_server\wamp\www\AM\Home\Controller\InfoManageController.class.php 第 25 行.

[ 2016-05-12T11:25:11+08:00 ] ::1 /AM/index.php/Home/InfoManage/checkUser?passwd=12
INFO: [ app_init ] --START--
INFO: Run Behavior\BuildLiteBehavior [ RunTime:0.000040s ]
INFO: [ app_init ] --END-- [ RunTime:0.000698s ]
INFO: [ app_begin ] --START--
INFO: Run Behavior\ReadHtmlCacheBehavior [ RunTime:0.000784s ]
INFO: [ app_begin ] --END-- [ RunTime:0.000983s ]
SQL: SHOW COLUMNS FROM `ams_assistant` [ RunTime:0.0505s ]
NOTIC: [8] Undefined variable: assistantForm J:\wamp_server\wamp\www\AM\Home\Controller\InfoManageController.class.php 第 25 行.

[ 2016-05-12T11:25:17+08:00 ] ::1 /AM/index.php/Home/InfoManage/checkUser?passwd=12
INFO: [ app_init ] --START--
INFO: Run Behavior\BuildLiteBehavior [ RunTime:0.000048s ]
INFO: [ app_init ] --END-- [ RunTime:0.001213s ]
INFO: [ app_begin ] --START--
INFO: Run Behavior\ReadHtmlCacheBehavior [ RunTime:0.000613s ]
INFO: [ app_begin ] --END-- [ RunTime:0.000864s ]
SQL: SHOW COLUMNS FROM `ams_assistant` [ RunTime:0.0341s ]
NOTIC: [8] Undefined variable: assistantForm J:\wamp_server\wamp\www\AM\Home\Controller\InfoManageController.class.php 第 25 行.

[ 2016-05-12T11:25:50+08:00 ] ::1 /AM/index.php/Home/InfoManage/checkUser?passwd=12
INFO: [ app_init ] --START--
INFO: Run Behavior\BuildLiteBehavior [ RunTime:0.000104s ]
INFO: [ app_init ] --END-- [ RunTime:0.001038s ]
INFO: [ app_begin ] --START--
INFO: Run Behavior\ReadHtmlCacheBehavior [ RunTime:0.000588s ]
INFO: [ app_begin ] --END-- [ RunTime:0.000772s ]
SQL: SHOW COLUMNS FROM `ams_assistant` [ RunTime:0.0441s ]
NOTIC: [8] Undefined variable: assistantForm J:\wamp_server\wamp\www\AM\Home\Controller\InfoManageController.class.php 第 7 行.

[ 2016-05-12T11:28:01+08:00 ] ::1 /AM/index.php/Home/InfoManage/checkUser?passwd=12
INFO: [ app_init ] --START--
INFO: Run Behavior\BuildLiteBehavior [ RunTime:0.000040s ]
INFO: [ app_init ] --END-- [ RunTime:0.000672s ]
INFO: [ app_begin ] --START--
INFO: Run Behavior\ReadHtmlCacheBehavior [ RunTime:0.000747s ]
INFO: [ app_begin ] --END-- [ RunTime:0.000913s ]
SQL: SHOW COLUMNS FROM `ams_assistant` [ RunTime:0.0108s ]
NOTIC: [8] Undefined variable: assistantForm J:\wamp_server\wamp\www\AM\Home\Controller\InfoManageController.class.php 第 8 行.
NOTIC: [8] Undefined variable: assistantForm J:\wamp_server\wamp\www\AM\Home\Controller\InfoManageController.class.php 第 26 行.

[ 2016-05-12T11:30:05+08:00 ] ::1 /AM/index.php/Home/InfoManage/checkUser?passwd=12
INFO: [ app_init ] --START--
INFO: Run Behavior\BuildLiteBehavior [ RunTime:0.000042s ]
INFO: [ app_init ] --END-- [ RunTime:0.000699s ]
INFO: [ app_begin ] --START--
INFO: Run Behavior\ReadHtmlCacheBehavior [ RunTime:0.001902s ]
INFO: [ app_begin ] --END-- [ RunTime:0.002206s ]
SQL: SHOW COLUMNS FROM `ams_assistant` [ RunTime:0.0120s ]
NOTIC: [8] Undefined variable: assistantForm J:\wamp_server\wamp\www\AM\Home\Controller\InfoManageController.class.php 第 9 行.
NOTIC: [8] Undefined variable: assistantForm J:\wamp_server\wamp\www\AM\Home\Controller\InfoManageController.class.php 第 27 行.

[ 2016-05-12T11:30:15+08:00 ] ::1 /AM/index.php/Home/InfoManage/checkUser?passwd=12
INFO: [ app_init ] --START--
INFO: Run Behavior\BuildLiteBehavior [ RunTime:0.000071s ]
INFO: [ app_init ] --END-- [ RunTime:0.001002s ]
INFO: [ app_begin ] --START--
INFO: Run Behavior\ReadHtmlCacheBehavior [ RunTime:0.000641s ]
INFO: [ app_begin ] --END-- [ RunTime:0.000914s ]
SQL: SHOW COLUMNS FROM `ams_assistant` [ RunTime:0.0126s ]
NOTIC: [8] Undefined variable: assistantForm J:\wamp_server\wamp\www\AM\Home\Controller\InfoManageController.class.php 第 9 行.
NOTIC: [8] Undefined variable: assistantForm J:\wamp_server\wamp\www\AM\Home\Controller\InfoManageController.class.php 第 27 行.

[ 2016-05-12T11:30:17+08:00 ] ::1 /AM/index.php/Home/InfoManage/checkUser?passwd=12
INFO: [ app_init ] --START--
INFO: Run Behavior\BuildLiteBehavior [ RunTime:0.000040s ]
INFO: [ app_init ] --END-- [ RunTime:0.000603s ]
INFO: [ app_begin ] --START--
INFO: Run Behavior\ReadHtmlCacheBehavior [ RunTime:0.000583s ]
INFO: [ app_begin ] --END-- [ RunTime:0.000759s ]
SQL: SHOW COLUMNS FROM `ams_assistant` [ RunTime:0.0131s ]
NOTIC: [8] Undefined variable: assistantForm J:\wamp_server\wamp\www\AM\Home\Controller\InfoManageController.class.php 第 9 行.
NOTIC: [8] Undefined variable: assistantForm J:\wamp_server\wamp\www\AM\Home\Controller\InfoManageController.class.php 第 27 行.

[ 2016-05-12T11:32:10+08:00 ] ::1 /AM/index.php/Home/InfoManage/checkUser?passwd=12
INFO: [ app_init ] --START--
INFO: Run Behavior\BuildLiteBehavior [ RunTime:0.000063s ]
INFO: [ app_init ] --END-- [ RunTime:0.000667s ]
INFO: [ app_begin ] --START--
INFO: Run Behavior\ReadHtmlCacheBehavior [ RunTime:0.001928s ]
INFO: [ app_begin ] --END-- [ RunTime:0.002287s ]
SQL: SHOW COLUMNS FROM `ams_assistant` [ RunTime:0.0138s ]
NOTIC: [8] Undefined variable: assistantForm J:\wamp_server\wamp\www\AM\Home\Controller\InfoManageController.class.php 第 9 行.
INFO: [ app_end ] --START--
INFO: Run Behavior\ShowPageTraceBehavior [ RunTime:0.000660s ]
INFO: [ app_end ] --END-- [ RunTime:0.000849s ]

[ 2016-05-12T11:32:27+08:00 ] ::1 /AM/index.php/Home/InfoManage/checkUser?passwd=12
INFO: [ app_init ] --START--
INFO: Run Behavior\BuildLiteBehavior [ RunTime:0.000049s ]
INFO: [ app_init ] --END-- [ RunTime:0.001214s ]
INFO: [ app_begin ] --START--
INFO: Run Behavior\ReadHtmlCacheBehavior [ RunTime:0.001093s ]
INFO: [ app_begin ] --END-- [ RunTime:0.001325s ]
SQL: SHOW COLUMNS FROM `ams_assistant` [ RunTime:0.1044s ]
NOTIC: [8] Undefined variable: assistantForm J:\wamp_server\wamp\www\AM\Home\Controller\InfoManageController.class.php 第 27 行.

[ 2016-05-12T11:34:04+08:00 ] ::1 /AM/index.php/Home/InfoManage/checkUser?passwd=12
INFO: [ app_init ] --START--
INFO: Run Behavior\BuildLiteBehavior [ RunTime:0.000038s ]
INFO: [ app_init ] --END-- [ RunTime:0.000608s ]
INFO: [ app_begin ] --START--
INFO: Run Behavior\ReadHtmlCacheBehavior [ RunTime:0.000541s ]
INFO: [ app_begin ] --END-- [ RunTime:0.000714s ]
SQL: SHOW COLUMNS FROM `ams_assistant` [ RunTime:0.0162s ]
NOTIC: [4096] Object of class Think\Model could not be converted to string J:\wamp_server\wamp\www\AM\Home\Controller\InfoManageController.class.php 第 10 行.
INFO: [ app_end ] --START--
INFO: Run Behavior\ShowPageTraceBehavior [ RunTime:0.000961s ]
INFO: [ app_end ] --END-- [ RunTime:0.001178s ]

[ 2016-05-12T11:34:27+08:00 ] ::1 /AM/index.php/Home/InfoManage/checkUser?passwd=12
INFO: [ app_init ] --START--
INFO: Run Behavior\BuildLiteBehavior [ RunTime:0.000048s ]
INFO: [ app_init ] --END-- [ RunTime:0.000612s ]
INFO: [ app_begin ] --START--
INFO: Run Behavior\ReadHtmlCacheBehavior [ RunTime:0.000659s ]
INFO: [ app_begin ] --END-- [ RunTime:0.000820s ]
SQL: SHOW COLUMNS FROM `ams_assistant` [ RunTime:0.0091s ]
SQL: SELECT * FROM `ams_assistant` WHERE `id` = '12' AND `passwd` = '' LIMIT 1   [ RunTime:0.0004s ]

[ 2016-05-12T11:35:19+08:00 ] ::1 /AM/index.php/Home/InfoManage/checkUser?passwd=12
INFO: [ app_init ] --START--
INFO: Run Behavior\BuildLiteBehavior [ RunTime:0.000043s ]
INFO: [ app_init ] --END-- [ RunTime:0.000729s ]
INFO: [ app_begin ] --START--
INFO: Run Behavior\ReadHtmlCacheBehavior [ RunTime:0.001393s ]
INFO: [ app_begin ] --END-- [ RunTime:0.001838s ]
SQL: SHOW COLUMNS FROM `ams_assistant` [ RunTime:0.1167s ]
NOTIC: [8] Array to string conversion J:\wamp_server\wamp\www\AM\Home\Controller\InfoManageController.class.php 第 28 行.
SQL: SELECT * FROM `ams_assistant` WHERE `id` = '12' AND `passwd` = '' LIMIT 1   [ RunTime:0.0005s ]

[ 2016-05-12T11:35:43+08:00 ] ::1 /AM/index.php/Home/InfoManage/checkUser?passwd=12
INFO: [ app_init ] --START--
INFO: Run Behavior\BuildLiteBehavior [ RunTime:0.000035s ]
INFO: [ app_init ] --END-- [ RunTime:0.000492s ]
INFO: [ app_begin ] --START--
INFO: Run Behavior\ReadHtmlCacheBehavior [ RunTime:0.000533s ]
INFO: [ app_begin ] --END-- [ RunTime:0.000719s ]
SQL: SHOW COLUMNS FROM `ams_assistant` [ RunTime:0.0120s ]
SQL: SELECT * FROM `ams_assistant` WHERE `id` = '12' AND `passwd` = '' LIMIT 1   [ RunTime:0.0007s ]

[ 2016-05-12T11:36:02+08:00 ] ::1 /AM/index.php/Home/InfoManage/checkUser?passwd=12
INFO: [ app_init ] --START--
INFO: Run Behavior\BuildLiteBehavior [ RunTime:0.000036s ]
INFO: [ app_init ] --END-- [ RunTime:0.000576s ]
INFO: [ app_begin ] --START--
INFO: Run Behavior\ReadHtmlCacheBehavior [ RunTime:0.000524s ]
INFO: [ app_begin ] --END-- [ RunTime:0.000685s ]
SQL: SHOW COLUMNS FROM `ams_assistant` [ RunTime:0.0373s ]
SQL: SELECT * FROM `ams_assistant` WHERE `id` = '12' AND `passwd` = '' LIMIT 1   [ RunTime:0.0003s ]

[ 2016-05-12T11:36:18+08:00 ] ::1 /AM/index.php/Home/InfoManage/checkUser?passwd=12
INFO: [ app_init ] --START--
INFO: Run Behavior\BuildLiteBehavior [ RunTime:0.000035s ]
INFO: [ app_init ] --END-- [ RunTime:0.000507s ]
INFO: [ app_begin ] --START--
INFO: Run Behavior\ReadHtmlCacheBehavior [ RunTime:0.000521s ]
INFO: [ app_begin ] --END-- [ RunTime:0.000699s ]
SQL: SHOW COLUMNS FROM `ams_assistant` [ RunTime:0.0104s ]
SQL: SELECT * FROM `ams_assistant` WHERE `id` = '12' AND `passwd` = '' LIMIT 1   [ RunTime:0.0004s ]

[ 2016-05-12T11:37:06+08:00 ] ::1 /AM/index.php/Home/InfoManage/checkUser?passwd=12
INFO: [ app_init ] --START--
INFO: Run Behavior\BuildLiteBehavior [ RunTime:0.000067s ]
INFO: [ app_init ] --END-- [ RunTime:0.001079s ]
INFO: [ app_begin ] --START--
INFO: Run Behavior\ReadHtmlCacheBehavior [ RunTime:0.000590s ]
INFO: [ app_begin ] --END-- [ RunTime:0.000768s ]
SQL: SHOW COLUMNS FROM `ams_assistant` [ RunTime:0.0145s ]
NOTIC: [8] Array to string conversion J:\wamp_server\wamp\www\AM\Home\Controller\InfoManageController.class.php 第 28 行.
SQL: SELECT * FROM `ams_assistant` WHERE `id` = '12' AND `passwd` = '' LIMIT 1   [ RunTime:0.0003s ]

[ 2016-05-12T11:38:06+08:00 ] ::1 /AM/index.php/Home/InfoManage/checkUser?passwd=12
INFO: [ app_init ] --START--
INFO: Run Behavior\BuildLiteBehavior [ RunTime:0.000035s ]
INFO: [ app_init ] --END-- [ RunTime:0.000588s ]
INFO: [ app_begin ] --START--
INFO: Run Behavior\ReadHtmlCacheBehavior [ RunTime:0.000811s ]
INFO: [ app_begin ] --END-- [ RunTime:0.001093s ]
SQL: SHOW COLUMNS FROM `ams_assistant` [ RunTime:0.0140s ]
SQL: SELECT * FROM `ams_assistant` WHERE `id` = '12' AND `passwd` = '' LIMIT 1   [ RunTime:0.0004s ]

[ 2016-05-12T11:38:51+08:00 ] ::1 /AM/index.php/Home/InfoManage/checkUser?passwd=12
INFO: [ app_init ] --START--
INFO: Run Behavior\BuildLiteBehavior [ RunTime:0.000040s ]
INFO: [ app_init ] --END-- [ RunTime:0.000608s ]
INFO: [ app_begin ] --START--
INFO: Run Behavior\ReadHtmlCacheBehavior [ RunTime:0.000573s ]
INFO: [ app_begin ] --END-- [ RunTime:0.000741s ]
SQL: SHOW COLUMNS FROM `ams_assistant` [ RunTime:0.1635s ]
SQL: SELECT * FROM `ams_assistant` WHERE `id` = '12' AND `passwd` = '' LIMIT 1   [ RunTime:0.0004s ]

[ 2016-05-12T11:39:11+08:00 ] ::1 /AM/index.php/Home/InfoManage/checkUser?passwd=12
INFO: [ app_init ] --START--
INFO: Run Behavior\BuildLiteBehavior [ RunTime:0.000065s ]
INFO: [ app_init ] --END-- [ RunTime:0.001271s ]
INFO: [ app_begin ] --START--
INFO: Run Behavior\ReadHtmlCacheBehavior [ RunTime:0.001746s ]
INFO: [ app_begin ] --END-- [ RunTime:0.002282s ]
SQL: SHOW COLUMNS FROM `ams_assistant` [ RunTime:0.0185s ]
SQL: SELECT * FROM `ams_assistant` WHERE `id` = '12' AND `passwd` = '' LIMIT 1   [ RunTime:0.0004s ]

[ 2016-05-12T11:39:30+08:00 ] ::1 /AM/index.php/Home/InfoManage/checkUser?passwd=12
INFO: [ app_init ] --START--
INFO: Run Behavior\BuildLiteBehavior [ RunTime:0.000044s ]
INFO: [ app_init ] --END-- [ RunTime:0.000575s ]
INFO: [ app_begin ] --START--
INFO: Run Behavior\ReadHtmlCacheBehavior [ RunTime:0.000597s ]
INFO: [ app_begin ] --END-- [ RunTime:0.000783s ]
SQL: SHOW COLUMNS FROM `ams_assistant` [ RunTime:0.0623s ]
SQL: SELECT * FROM `ams_assistant` WHERE `id` = '12' AND `passwd` = '' LIMIT 1   [ RunTime:0.0004s ]

[ 2016-05-12T11:40:23+08:00 ] ::1 /AM/index.php/Home/InfoManage/checkUser?passwd=12
INFO: [ app_init ] --START--
INFO: Run Behavior\BuildLiteBehavior [ RunTime:0.000082s ]
INFO: [ app_init ] --END-- [ RunTime:0.001290s ]
INFO: [ app_begin ] --START--
INFO: Run Behavior\ReadHtmlCacheBehavior [ RunTime:0.000546s ]
INFO: [ app_begin ] --END-- [ RunTime:0.000728s ]
SQL: SHOW COLUMNS FROM `ams_assistant` [ RunTime:0.0128s ]
SQL: SELECT * FROM `ams_assistant` WHERE `id` = '12' AND `passwd` = '' LIMIT 1   [ RunTime:0.0004s ]

[ 2016-05-12T11:41:13+08:00 ] ::1 /AM/index.php/Home/InfoManage/checkUser?passwd=12
INFO: [ app_init ] --START--
INFO: Run Behavior\BuildLiteBehavior [ RunTime:0.000051s ]
INFO: [ app_init ] --END-- [ RunTime:0.000812s ]
INFO: [ app_begin ] --START--
INFO: Run Behavior\ReadHtmlCacheBehavior [ RunTime:0.000696s ]
INFO: [ app_begin ] --END-- [ RunTime:0.000965s ]
SQL: SHOW COLUMNS FROM `ams_assistant` [ RunTime:0.0113s ]
SQL: SELECT * FROM `ams_assistant` WHERE `id` = '12' AND `passwd` = '' LIMIT 1   [ RunTime:0.0004s ]

[ 2016-05-12T11:41:41+08:00 ] ::1 /AM/index.php/Home/InfoManage/checkUser?passwd=12
INFO: [ app_init ] --START--
INFO: Run Behavior\BuildLiteBehavior [ RunTime:0.000038s ]
INFO: [ app_init ] --END-- [ RunTime:0.000522s ]
INFO: [ app_begin ] --START--
INFO: Run Behavior\ReadHtmlCacheBehavior [ RunTime:0.000524s ]
INFO: [ app_begin ] --END-- [ RunTime:0.000698s ]
SQL: SHOW COLUMNS FROM `ams_assistant` [ RunTime:0.0125s ]
SQL: SELECT * FROM `ams_assistant` WHERE `id` = '12' AND `passwd` = '' LIMIT 1   [ RunTime:0.0007s ]

[ 2016-05-12T11:42:26+08:00 ] ::1 /AM/index.php/Home/InfoManage/checkUser?passwd=12
INFO: [ app_init ] --START--
INFO: Run Behavior\BuildLiteBehavior [ RunTime:0.000049s ]
INFO: [ app_init ] --END-- [ RunTime:0.000581s ]
INFO: [ app_begin ] --START--
INFO: Run Behavior\ReadHtmlCacheBehavior [ RunTime:0.000788s ]
INFO: [ app_begin ] --END-- [ RunTime:0.001088s ]
SQL: SHOW COLUMNS FROM `ams_assistant` [ RunTime:0.0137s ]
NOTIC: [8] Undefined index: passwd J:\wamp_server\wamp\www\AM\Home\Controller\InfoManageController.class.php 第 28 行.
SQL: SELECT * FROM `ams_assistant` WHERE `id` = '12' AND `passwd` = '' LIMIT 1   [ RunTime:0.0004s ]

[ 2016-05-12T11:44:42+08:00 ] ::1 /AM/index.php/Home/InfoManage/update
INFO: [ app_init ] --START--
INFO: Run Behavior\BuildLiteBehavior [ RunTime:0.000039s ]
INFO: [ app_init ] --END-- [ RunTime:0.000634s ]
INFO: [ app_begin ] --START--
INFO: Run Behavior\ReadHtmlCacheBehavior [ RunTime:0.001024s ]
INFO: [ app_begin ] --END-- [ RunTime:0.001344s ]
INFO: [ view_parse ] --START--
INFO: [ template_filter ] --START--
INFO: Run Behavior\ContentReplaceBehavior [ RunTime:0.000185s ]
INFO: [ template_filter ] --END-- [ RunTime:0.000591s ]
INFO: Run Behavior\ParseTemplateBehavior [ RunTime:0.256434s ]
INFO: [ view_parse ] --END-- [ RunTime:0.256736s ]
INFO: [ view_filter ] --START--
INFO: Run Behavior\WriteHtmlCacheBehavior [ RunTime:0.000498s ]
INFO: [ view_filter ] --END-- [ RunTime:0.000725s ]
INFO: [ app_end ] --START--
INFO: Run Behavior\ShowPageTraceBehavior [ RunTime:0.000945s ]
INFO: [ app_end ] --END-- [ RunTime:0.001242s ]

[ 2016-05-12T11:44:58+08:00 ] ::1 /AM/index.php/Home/InfoManage/update
INFO: [ app_init ] --START--
INFO: Run Behavior\BuildLiteBehavior [ RunTime:0.000132s ]
INFO: [ app_init ] --END-- [ RunTime:0.001582s ]
INFO: [ app_begin ] --START--
INFO: Run Behavior\ReadHtmlCacheBehavior [ RunTime:0.001148s ]
INFO: [ app_begin ] --END-- [ RunTime:0.001500s ]
INFO: [ view_parse ] --START--
INFO: [ template_filter ] --START--
INFO: Run Behavior\ContentReplaceBehavior [ RunTime:0.000098s ]
INFO: [ template_filter ] --END-- [ RunTime:0.000324s ]
INFO: Run Behavior\ParseTemplateBehavior [ RunTime:0.015588s ]
INFO: [ view_parse ] --END-- [ RunTime:0.015796s ]
INFO: [ view_filter ] --START--
INFO: Run Behavior\WriteHtmlCacheBehavior [ RunTime:0.000289s ]
INFO: [ view_filter ] --END-- [ RunTime:0.000440s ]
INFO: [ app_end ] --START--
INFO: Run Behavior\ShowPageTraceBehavior [ RunTime:0.000530s ]
INFO: [ app_end ] --END-- [ RunTime:0.000683s ]

[ 2016-05-12T11:45:01+08:00 ] ::1 /AM/index.php/Home/InfoManage/updateUserInfo
INFO: [ app_init ] --START--
INFO: Run Behavior\BuildLiteBehavior [ RunTime:0.000184s ]
INFO: [ app_init ] --END-- [ RunTime:0.001507s ]
INFO: [ app_begin ] --START--
INFO: Run Behavior\ReadHtmlCacheBehavior [ RunTime:0.000729s ]
INFO: [ app_begin ] --END-- [ RunTime:0.000996s ]
NOTIC: [8] Array to string conversion J:\wamp_server\wamp\www\AM\Home\Controller\InfoManageController.class.php 第 11 行.
SQL: SHOW COLUMNS FROM `ams_assistant` [ RunTime:0.0147s ]
NOTIC: [4096] Object of class Think\Model could not be converted to string J:\wamp_server\wamp\www\AM\Home\Controller\InfoManageController.class.php 第 18 行.
NOTIC: [8] Object of class Think\Model to string conversion J:\wamp_server\wamp\www\AM\Home\Controller\InfoManageController.class.php 第 18 行.

[ 2016-05-12T11:45:17+08:00 ] ::1 /AM/index.php/Home/InfoManage/updateUserInfo
INFO: [ app_init ] --START--
INFO: Run Behavior\BuildLiteBehavior [ RunTime:0.000056s ]
INFO: [ app_init ] --END-- [ RunTime:0.000745s ]
INFO: [ app_begin ] --START--
INFO: Run Behavior\ReadHtmlCacheBehavior [ RunTime:0.000687s ]
INFO: [ app_begin ] --END-- [ RunTime:0.000955s ]
NOTIC: [8] Array to string conversion J:\wamp_server\wamp\www\AM\Home\Controller\InfoManageController.class.php 第 11 行.
SQL: SHOW COLUMNS FROM `ams_assistant` [ RunTime:0.0122s ]
SQL: UPDATE `ams_assistant` SET `passwd`='',`phone`='12',`email`='12',`name`='1' WHERE `id` = '12' [ RunTime:0.0953s ]

[ 2016-05-12T11:49:42+08:00 ] ::1 /AM/index.php/Home/InfoManage/check
INFO: [ app_init ] --START--
INFO: Run Behavior\BuildLiteBehavior [ RunTime:0.000066s ]
INFO: [ app_init ] --END-- [ RunTime:0.000904s ]
INFO: [ app_begin ] --START--
INFO: Run Behavior\ReadHtmlCacheBehavior [ RunTime:0.000944s ]
INFO: [ app_begin ] --END-- [ RunTime:0.001218s ]
INFO: [ view_parse ] --START--
INFO: [ template_filter ] --START--
INFO: Run Behavior\ContentReplaceBehavior [ RunTime:0.000151s ]
INFO: [ template_filter ] --END-- [ RunTime:0.000466s ]
INFO: Run Behavior\ParseTemplateBehavior [ RunTime:0.017268s ]
INFO: [ view_parse ] --END-- [ RunTime:0.017522s ]
INFO: [ view_filter ] --START--
INFO: Run Behavior\WriteHtmlCacheBehavior [ RunTime:0.000674s ]
INFO: [ view_filter ] --END-- [ RunTime:0.001038s ]
INFO: [ app_end ] --START--
INFO: Run Behavior\ShowPageTraceBehavior [ RunTime:0.001174s ]
INFO: [ app_end ] --END-- [ RunTime:0.001410s ]

[ 2016-05-12T11:49:45+08:00 ] ::1 /AM/index.php/Home/InfoManage/checkUser
INFO: [ app_init ] --START--
INFO: Run Behavior\BuildLiteBehavior [ RunTime:0.000070s ]
INFO: [ app_init ] --END-- [ RunTime:0.000953s ]
INFO: [ app_begin ] --START--
INFO: Run Behavior\ReadHtmlCacheBehavior [ RunTime:0.000906s ]
INFO: [ app_begin ] --END-- [ RunTime:0.001205s ]
SQL: SHOW COLUMNS FROM `ams_assistant` [ RunTime:0.0560s ]
NOTIC: [8] Array to string conversion J:\wamp_server\wamp\www\AM\Home\Controller\InfoManageController.class.php 第 28 行.
SQL: SELECT * FROM `ams_assistant` WHERE `id` = '12' AND `passwd` = '12' LIMIT 1   [ RunTime:0.0005s ]

[ 2016-05-12T11:50:09+08:00 ] ::1 /AM/index.php/Home/InfoManage/check
INFO: [ app_init ] --START--
INFO: Run Behavior\BuildLiteBehavior [ RunTime:0.000060s ]
INFO: [ app_init ] --END-- [ RunTime:0.000711s ]
INFO: [ app_begin ] --START--
INFO: Run Behavior\ReadHtmlCacheBehavior [ RunTime:0.001215s ]
INFO: [ app_begin ] --END-- [ RunTime:0.001566s ]
INFO: [ view_parse ] --START--
INFO: [ template_filter ] --START--
INFO: Run Behavior\ContentReplaceBehavior [ RunTime:0.000093s ]
INFO: [ template_filter ] --END-- [ RunTime:0.000282s ]
INFO: Run Behavior\ParseTemplateBehavior [ RunTime:0.008011s ]
INFO: [ view_parse ] --END-- [ RunTime:0.008412s ]
INFO: [ view_filter ] --START--
INFO: Run Behavior\WriteHtmlCacheBehavior [ RunTime:0.000460s ]
INFO: [ view_filter ] --END-- [ RunTime:0.000743s ]
INFO: [ app_end ] --START--
INFO: Run Behavior\ShowPageTraceBehavior [ RunTime:0.000736s ]
INFO: [ app_end ] --END-- [ RunTime:0.001024s ]

[ 2016-05-12T11:50:11+08:00 ] ::1 /AM/index.php/Home/InfoManage/checkUser
INFO: [ app_init ] --START--
INFO: Run Behavior\BuildLiteBehavior [ RunTime:0.000041s ]
INFO: [ app_init ] --END-- [ RunTime:0.001079s ]
INFO: [ app_begin ] --START--
INFO: Run Behavior\ReadHtmlCacheBehavior [ RunTime:0.000510s ]
INFO: [ app_begin ] --END-- [ RunTime:0.000702s ]
SQL: SHOW COLUMNS FROM `ams_assistant` [ RunTime:0.0121s ]
SQL: SELECT * FROM `ams_assistant` WHERE `id` = '12' AND `passwd` = '12' LIMIT 1   [ RunTime:0.0008s ]

